TN:
SF:src\controllers\actual.controller.js
FN:5,(anonymous_0)
FN:16,(anonymous_1)
FN:41,(anonymous_2)
FN:51,(anonymous_3)
FN:63,(anonymous_4)
FN:79,(anonymous_5)
FN:97,(anonymous_6)
FN:111,(anonymous_7)
FNF:8
FNH:4
FNDA:1,(anonymous_0)
FNDA:2,(anonymous_1)
FNDA:0,(anonymous_2)
FNDA:0,(anonymous_3)
FNDA:2,(anonymous_4)
FNDA:2,(anonymous_5)
FNDA:0,(anonymous_6)
FNDA:0,(anonymous_7)
DA:2,10
DA:4,10
DA:6,1
DA:7,1
DA:9,1
DA:17,2
DA:18,2
DA:20,2
DA:28,2
DA:42,0
DA:43,0
DA:45,0
DA:52,0
DA:53,0
DA:55,0
DA:57,0
DA:64,2
DA:65,2
DA:70,2
DA:72,2
DA:80,2
DA:81,2
DA:82,2
DA:88,2
DA:90,1
DA:98,0
DA:99,0
DA:100,0
DA:102,0
DA:104,0
DA:112,0
DA:113,0
DA:115,0
DA:117,0
DA:124,10
LF:35
LH:19
BRDA:18,0,0,1
BRDA:18,1,0,1
BRDA:22,2,0,1
BRDA:22,2,1,1
BRDA:23,3,0,1
BRDA:23,3,1,1
BRF:6
BRH:6
end_of_record
TN:
SF:src\controllers\ai.controller.js
FN:6,(anonymous_0)
FN:16,(anonymous_1)
FN:32,(anonymous_2)
FN:42,(anonymous_3)
FNF:4
FNH:4
FNDA:1,(anonymous_0)
FNDA:3,(anonymous_1)
FNDA:3,(anonymous_2)
FNDA:2,(anonymous_3)
DA:2,10
DA:3,10
DA:5,10
DA:7,1
DA:8,1
DA:9,1
DA:17,3
DA:18,3
DA:19,3
DA:24,3
DA:33,3
DA:34,3
DA:35,3
DA:36,1
DA:43,2
DA:44,2
DA:45,2
DA:46,1
DA:53,10
LF:19
LH:19
BRDA:20,0,0,1
BRDA:20,0,1,2
BRDA:21,1,0,1
BRDA:21,1,1,2
BRF:4
BRH:4
end_of_record
TN:
SF:src\controllers\auth.controller.js
FN:7,(anonymous_0)
FN:18,(anonymous_1)
FN:34,(anonymous_2)
FNF:3
FNH:2
FNDA:2,(anonymous_0)
FNDA:3,(anonymous_1)
FNDA:0,(anonymous_2)
DA:2,10
DA:3,10
DA:4,10
DA:6,10
DA:8,2
DA:9,2
DA:11,1
DA:19,3
DA:20,3
DA:22,1
DA:23,0
DA:26,1
DA:36,0
DA:38,0
DA:39,0
DA:45,0
DA:49,0
DA:54,0
DA:61,0
DA:68,0
DA:69,0
DA:80,0
DA:82,0
DA:86,0
DA:97,10
LF:25
LH:12
BRDA:22,0,0,0
BRDA:22,0,1,1
BRDA:36,1,0,0
BRDA:36,1,1,0
BRDA:38,2,0,0
BRDA:38,2,1,0
BRDA:49,3,0,0
BRDA:49,3,1,0
BRDA:68,4,0,0
BRDA:68,4,1,0
BRDA:80,5,0,0
BRDA:80,5,1,0
BRF:12
BRH:1
end_of_record
TN:
SF:src\controllers\booking.controller.js
FN:5,(anonymous_0)
FN:16,(anonymous_1)
FN:27,(anonymous_2)
FN:50,(anonymous_3)
FN:62,(anonymous_4)
FN:78,(anonymous_5)
FN:91,(anonymous_6)
FNF:7
FNH:0
FNDA:0,(anonymous_0)
FNDA:0,(anonymous_1)
FNDA:0,(anonymous_2)
FNDA:0,(anonymous_3)
FNDA:0,(anonymous_4)
FNDA:0,(anonymous_5)
FNDA:0,(anonymous_6)
DA:2,10
DA:4,10
DA:6,0
DA:7,0
DA:9,0
DA:17,0
DA:18,0
DA:20,0
DA:28,0
DA:29,0
DA:31,0
DA:37,0
DA:51,0
DA:52,0
DA:54,0
DA:56,0
DA:63,0
DA:64,0
DA:69,0
DA:71,0
DA:79,0
DA:80,0
DA:81,0
DA:83,0
DA:85,0
DA:92,0
DA:93,0
DA:95,0
DA:97,0
DA:104,10
LF:30
LH:3
BRDA:29,0,0,0
BRDA:29,1,0,0
BRF:2
BRH:0
end_of_record
TN:
SF:src\controllers\class.controller.js
FN:9,(anonymous_0)
FN:33,(anonymous_1)
FN:43,(anonymous_2)
FN:60,(anonymous_3)
FN:98,(anonymous_4)
FN:142,(anonymous_5)
FN:195,(anonymous_6)
FN:259,(anonymous_7)
FN:344,(anonymous_8)
FNF:9
FNH:0
FNDA:0,(anonymous_0)
FNDA:0,(anonymous_1)
FNDA:0,(anonymous_2)
FNDA:0,(anonymous_3)
FNDA:0,(anonymous_4)
FNDA:0,(anonymous_5)
FNDA:0,(anonymous_6)
FNDA:0,(anonymous_7)
FNDA:0,(anonymous_8)
DA:2,10
DA:3,10
DA:4,10
DA:5,10
DA:6,10
DA:8,10
DA:10,0
DA:12,0
DA:20,0
DA:34,0
DA:35,0
DA:37,0
DA:44,0
DA:45,0
DA:47,0
DA:53,0
DA:61,0
DA:62,0
DA:65,0
DA:69,0
DA:70,0
DA:74,0
DA:76,0
DA:77,0
DA:81,0
DA:87,0
DA:91,0
DA:99,0
DA:102,0
DA:106,0
DA:107,0
DA:111,0
DA:114,0
DA:116,0
DA:117,0
DA:118,0
DA:119,0
DA:120,0
DA:122,0
DA:126,0
DA:130,0
DA:135,0
DA:143,0
DA:146,0
DA:150,0
DA:151,0
DA:155,0
DA:159,0
DA:161,0
DA:166,0
DA:174,0
DA:175,0
DA:176,0
DA:177,0
DA:178,0
DA:180,0
DA:185,0
DA:189,0
DA:196,0
DA:197,0
DA:200,0
DA:207,0
DA:208,0
DA:212,0
DA:213,0
DA:215,0
DA:216,0
DA:220,0
DA:236,0
DA:237,0
DA:241,0
DA:252,0
DA:260,0
DA:263,0
DA:270,0
DA:271,0
DA:275,0
DA:276,0
DA:277,0
DA:280,0
DA:281,0
DA:285,0
DA:304,0
DA:305,0
DA:310,0
DA:312,0
DA:319,0
DA:332,0
DA:337,0
DA:345,0
DA:348,0
DA:359,0
DA:360,0
DA:364,0
DA:366,0
DA:375,0
DA:386,0
DA:393,0
DA:397,0
DA:404,10
LF:100
LH:7
BRDA:10,0,0,0
BRDA:10,1,0,0
BRDA:13,2,0,0
BRDA:13,2,1,0
BRDA:49,3,0,0
BRDA:49,3,1,0
BRDA:50,4,0,0
BRDA:50,4,1,0
BRDA:69,5,0,0
BRDA:69,5,1,0
BRDA:74,6,0,0
BRDA:74,6,1,0
BRDA:76,7,0,0
BRDA:76,7,1,0
BRDA:83,8,0,0
BRDA:83,8,1,0
BRDA:106,9,0,0
BRDA:106,9,1,0
BRDA:114,10,0,0
BRDA:114,10,1,0
BRDA:116,11,0,0
BRDA:116,11,1,0
BRDA:150,12,0,0
BRDA:150,12,1,0
BRDA:159,13,0,0
BRDA:159,13,1,0
BRDA:174,14,0,0
BRDA:174,14,1,0
BRDA:207,15,0,0
BRDA:207,15,1,0
BRDA:215,16,0,0
BRDA:215,16,1,0
BRDA:236,17,0,0
BRDA:236,17,1,0
BRDA:270,18,0,0
BRDA:270,18,1,0
BRDA:275,19,0,0
BRDA:275,19,1,0
BRDA:275,20,0,0
BRDA:275,20,1,0
BRDA:276,21,0,0
BRDA:276,21,1,0
BRDA:277,22,0,0
BRDA:277,22,1,0
BRDA:280,23,0,0
BRDA:280,23,1,0
BRDA:304,24,0,0
BRDA:304,24,1,0
BRDA:312,25,0,0
BRDA:312,25,1,0
BRDA:312,26,0,0
BRDA:312,26,1,0
BRDA:359,27,0,0
BRDA:359,27,1,0
BRDA:364,28,0,0
BRDA:364,28,1,0
BRF:56
BRH:0
end_of_record
TN:
SF:src\controllers\competition.controller.js
FN:10,(anonymous_0)
FN:36,(anonymous_1)
FN:49,(anonymous_2)
FN:81,(anonymous_3)
FN:127,(anonymous_4)
FN:167,(anonymous_5)
FN:189,(anonymous_6)
FN:220,(anonymous_7)
FN:250,(anonymous_8)
FN:264,(anonymous_9)
FN:277,(anonymous_10)
FN:291,(anonymous_11)
FN:313,(anonymous_12)
FN:337,(anonymous_13)
FNF:14
FNH:0
FNDA:0,(anonymous_0)
FNDA:0,(anonymous_1)
FNDA:0,(anonymous_2)
FNDA:0,(anonymous_3)
FNDA:0,(anonymous_4)
FNDA:0,(anonymous_5)
FNDA:0,(anonymous_6)
FNDA:0,(anonymous_7)
FNDA:0,(anonymous_8)
FNDA:0,(anonymous_9)
FNDA:0,(anonymous_10)
FNDA:0,(anonymous_11)
FNDA:0,(anonymous_12)
FNDA:0,(anonymous_13)
DA:2,10
DA:3,10
DA:4,10
DA:5,10
DA:6,10
DA:8,10
DA:11,0
DA:13,0
DA:22,0
DA:37,0
DA:38,0
DA:40,0
DA:42,0
DA:51,0
DA:54,0
DA:56,0
DA:57,0
DA:61,0
DA:62,0
DA:66,0
DA:71,0
DA:73,0
DA:82,0
DA:85,0
DA:86,0
DA:88,0
DA:89,0
DA:94,0
DA:97,0
DA:99,0
DA:105,0
DA:106,0
DA:107,0
DA:108,0
DA:109,0
DA:111,0
DA:115,0
DA:118,0
DA:120,0
DA:128,0
DA:131,0
DA:136,0
DA:137,0
DA:141,0
DA:142,0
DA:143,0
DA:148,0
DA:149,0
DA:150,0
DA:151,0
DA:152,0
DA:154,0
DA:158,0
DA:160,0
DA:168,0
DA:171,0
DA:172,0
DA:174,0
DA:175,0
DA:179,0
DA:181,0
DA:190,0
DA:193,0
DA:194,0
DA:205,0
DA:206,0
DA:210,0
DA:212,0
DA:221,0
DA:224,0
DA:225,0
DA:236,0
DA:237,0
DA:241,0
DA:243,0
DA:251,0
DA:252,0
DA:254,0
DA:256,0
DA:265,0
DA:266,0
DA:268,0
DA:270,0
DA:278,0
DA:279,0
DA:281,0
DA:283,0
DA:292,0
DA:293,0
DA:295,0
DA:300,0
DA:314,0
DA:315,0
DA:317,0
DA:323,0
DA:338,0
DA:339,0
DA:341,0
DA:343,0
DA:350,10
LF:100
LH:7
BRDA:11,0,0,0
BRDA:11,1,0,0
BRDA:15,2,0,0
BRDA:15,2,1,0
BRDA:54,3,0,0
BRDA:54,3,1,0
BRDA:61,4,0,0
BRDA:61,4,1,0
BRDA:61,5,0,0
BRDA:61,5,1,0
BRDA:68,6,0,0
BRDA:68,6,1,0
BRDA:85,7,0,0
BRDA:85,7,1,0
BRDA:88,8,0,0
BRDA:88,8,1,0
BRDA:97,9,0,0
BRDA:97,9,1,0
BRDA:105,10,0,0
BRDA:105,10,1,0
BRDA:105,11,0,0
BRDA:105,11,1,0
BRDA:136,12,0,0
BRDA:136,12,1,0
BRDA:141,13,0,0
BRDA:141,13,1,0
BRDA:142,14,0,0
BRDA:142,14,1,0
BRDA:148,15,0,0
BRDA:148,15,1,0
BRDA:171,16,0,0
BRDA:171,16,1,0
BRDA:174,17,0,0
BRDA:174,17,1,0
BRDA:193,18,0,0
BRDA:193,18,1,0
BRDA:205,19,0,0
BRDA:205,19,1,0
BRDA:205,20,0,0
BRDA:205,20,1,0
BRDA:224,21,0,0
BRDA:224,21,1,0
BRDA:236,22,0,0
BRDA:236,22,1,0
BRDA:236,23,0,0
BRDA:236,23,1,0
BRDA:293,24,0,0
BRDA:293,25,0,0
BRDA:315,26,0,0
BRDA:315,27,0,0
BRDA:315,28,0,0
BRF:51
BRH:0
end_of_record
TN:
SF:src\controllers\dietEntry.controller.js
FN:5,(anonymous_0)
FN:31,(anonymous_1)
FN:48,(anonymous_2)
FN:60,(anonymous_3)
FN:72,(anonymous_4)
FN:89,(anonymous_5)
FN:101,(anonymous_6)
FNF:7
FNH:7
FNDA:4,(anonymous_0)
FNDA:1,(anonymous_1)
FNDA:3,(anonymous_2)
FNDA:2,(anonymous_3)
FNDA:2,(anonymous_4)
FNDA:2,(anonymous_5)
FNDA:2,(anonymous_6)
DA:2,10
DA:4,10
DA:6,4
DA:7,4
DA:9,4
DA:17,4
DA:32,1
DA:33,1
DA:35,1
DA:41,1
DA:49,3
DA:50,3
DA:52,3
DA:54,1
DA:61,2
DA:63,2
DA:65,1
DA:73,2
DA:74,2
DA:76,2
DA:82,1
DA:90,2
DA:91,2
DA:93,2
DA:95,1
DA:102,2
DA:103,2
DA:105,2
DA:110,2
DA:117,10
LF:30
LH:30
BRDA:7,0,0,3
BRDA:7,1,0,3
BRF:2
BRH:2
end_of_record
TN:
SF:src\controllers\exercises.controller.js
FN:5,(anonymous_0)
FN:16,(anonymous_1)
FN:26,(anonymous_2)
FN:37,(anonymous_3)
FN:50,(anonymous_4)
FNF:5
FNH:5
FNDA:3,(anonymous_0)
FNDA:2,(anonymous_1)
FNDA:2,(anonymous_2)
FNDA:1,(anonymous_3)
FNDA:1,(anonymous_4)
DA:2,10
DA:4,10
DA:6,3
DA:7,3
DA:9,3
DA:17,2
DA:18,2
DA:20,1
DA:27,2
DA:28,2
DA:30,1
DA:38,1
DA:39,1
DA:41,1
DA:43,1
DA:51,1
DA:52,1
DA:54,1
DA:61,10
LF:19
LH:19
BRF:0
BRH:0
end_of_record
TN:
SF:src\controllers\foodItem.controller.js
FN:6,(anonymous_0)
FN:19,(anonymous_1)
FN:42,(anonymous_2)
FN:54,(anonymous_3)
FN:65,(anonymous_4)
FN:78,(anonymous_5)
FNF:6
FNH:6
FNDA:1,(anonymous_0)
FNDA:3,(anonymous_1)
FNDA:2,(anonymous_2)
FNDA:2,(anonymous_3)
FNDA:1,(anonymous_4)
FNDA:2,(anonymous_5)
DA:2,10
DA:4,10
DA:7,1
DA:9,1
DA:11,1
DA:20,3
DA:22,3
DA:28,3
DA:43,2
DA:45,2
DA:47,1
DA:55,2
DA:57,1
DA:66,1
DA:68,1
DA:70,1
DA:79,2
DA:81,2
DA:83,1
DA:90,10
LF:20
LH:20
BRDA:20,0,0,2
BRDA:20,1,0,2
BRF:2
BRH:2
end_of_record
TN:
SF:src\controllers\gym.controller.js
FN:9,(anonymous_0)
FN:30,(anonymous_1)
FN:39,(anonymous_2)
FN:63,(anonymous_3)
FN:72,(anonymous_4)
FN:82,(anonymous_5)
FN:92,(anonymous_6)
FN:125,(anonymous_7)
FN:169,(anonymous_8)
FN:200,(anonymous_9)
FNF:10
FNH:6
FNDA:3,(anonymous_0)
FNDA:0,(anonymous_1)
FNDA:0,(anonymous_2)
FNDA:2,(anonymous_3)
FNDA:0,(anonymous_4)
FNDA:0,(anonymous_5)
FNDA:2,(anonymous_6)
FNDA:2,(anonymous_7)
FNDA:1,(anonymous_8)
FNDA:1,(anonymous_9)
DA:2,10
DA:3,10
DA:4,10
DA:5,10
DA:6,10
DA:9,10
DA:10,3
DA:11,3
DA:17,3
DA:30,10
DA:31,0
DA:32,0
DA:39,10
DA:40,0
DA:41,0
DA:43,0
DA:50,0
DA:63,10
DA:64,2
DA:65,2
DA:66,1
DA:72,10
DA:73,0
DA:74,0
DA:75,0
DA:82,10
DA:83,0
DA:84,0
DA:85,0
DA:92,10
DA:93,2
DA:94,2
DA:95,2
DA:96,1
DA:97,1
DA:98,0
DA:99,1
DA:100,1
DA:103,2
DA:109,2
DA:110,1
DA:111,1
DA:114,2
DA:118,2
DA:125,10
DA:126,2
DA:127,2
DA:131,2
DA:132,0
DA:135,2
DA:136,2
DA:137,0
DA:138,0
DA:139,0
DA:140,0
DA:145,0
DA:147,0
DA:150,0
DA:153,2
DA:154,0
DA:157,2
DA:162,2
DA:169,10
DA:170,1
DA:171,1
DA:175,1
DA:176,0
DA:179,1
DA:180,0
DA:181,0
DA:182,0
DA:183,0
DA:185,0
DA:189,1
DA:193,1
DA:200,10
DA:201,1
DA:202,1
DA:210,10
DA:223,10
LF:80
LH:52
BRDA:10,0,0,2
BRDA:10,1,0,2
BRDA:41,2,0,0
BRDA:41,3,0,0
BRDA:95,4,0,1
BRDA:95,4,1,1
BRDA:97,5,0,0
BRDA:97,5,1,1
BRDA:97,6,0,1
BRDA:97,6,1,1
BRDA:99,7,0,1
BRDA:99,7,1,0
BRDA:99,8,0,1
BRDA:99,8,1,1
BRDA:106,9,0,0
BRDA:106,9,1,2
BRDA:109,10,0,1
BRDA:109,10,1,1
BRDA:131,11,0,0
BRDA:131,11,1,2
BRDA:136,12,0,0
BRDA:136,12,1,2
BRDA:137,13,0,0
BRDA:137,13,1,0
BRDA:153,14,0,0
BRDA:153,14,1,2
BRDA:153,15,0,2
BRDA:153,15,1,1
BRDA:175,16,0,0
BRDA:175,16,1,1
BRDA:179,17,0,0
BRDA:179,17,1,1
BRF:32
BRH:20
end_of_record
TN:
SF:src\controllers\membership.controller.js
FN:5,(anonymous_0)
FN:16,(anonymous_1)
FN:28,(anonymous_2)
FN:44,(anonymous_3)
FN:58,(anonymous_4)
FN:70,(anonymous_5)
FNF:6
FNH:0
FNDA:0,(anonymous_0)
FNDA:0,(anonymous_1)
FNDA:0,(anonymous_2)
FNDA:0,(anonymous_3)
FNDA:0,(anonymous_4)
FNDA:0,(anonymous_5)
DA:2,10
DA:4,10
DA:6,0
DA:7,0
DA:9,0
DA:17,0
DA:18,0
DA:20,0
DA:22,0
DA:29,0
DA:30,0
DA:35,0
DA:37,0
DA:45,0
DA:46,0
DA:47,0
DA:49,0
DA:51,0
DA:59,0
DA:60,0
DA:62,0
DA:64,0
DA:71,0
DA:72,0
DA:74,0
DA:76,0
DA:84,10
LF:27
LH:3
BRF:0
BRH:0
end_of_record
TN:
SF:src\controllers\membershipPlan.controller.js
FN:6,(anonymous_0)
FN:24,(anonymous_1)
FN:34,(anonymous_2)
FN:44,(anonymous_3)
FN:62,(anonymous_4)
FNF:5
FNH:0
FNDA:0,(anonymous_0)
FNDA:0,(anonymous_1)
FNDA:0,(anonymous_2)
FNDA:0,(anonymous_3)
FNDA:0,(anonymous_4)
DA:2,10
DA:3,10
DA:5,10
DA:7,0
DA:8,0
DA:10,0
DA:17,0
DA:25,0
DA:26,0
DA:27,0
DA:35,0
DA:36,0
DA:37,0
DA:45,0
DA:46,0
DA:48,0
DA:55,0
DA:63,0
DA:64,0
DA:66,0
DA:72,0
DA:74,0
DA:80,0
DA:90,10
LF:24
LH:4
BRDA:72,0,0,0
BRDA:72,0,1,0
BRF:2
BRH:0
end_of_record
TN:
SF:src\controllers\planned.controller.js
FN:5,(anonymous_0)
FN:16,(anonymous_1)
FN:31,(anonymous_2)
FN:43,(anonymous_3)
FN:59,(anonymous_4)
FN:73,(anonymous_5)
FNF:6
FNH:4
FNDA:1,(anonymous_0)
FNDA:2,(anonymous_1)
FNDA:3,(anonymous_2)
FNDA:2,(anonymous_3)
FNDA:0,(anonymous_4)
FNDA:0,(anonymous_5)
DA:2,10
DA:4,10
DA:6,1
DA:7,1
DA:9,1
DA:17,2
DA:18,2
DA:20,2
DA:22,2
DA:32,3
DA:33,3
DA:35,3
DA:37,1
DA:44,2
DA:45,2
DA:50,2
DA:52,1
DA:60,0
DA:61,0
DA:62,0
DA:64,0
DA:66,0
DA:74,0
DA:75,0
DA:77,0
DA:79,0
DA:86,10
LF:27
LH:18
BRDA:18,0,0,1
BRF:1
BRH:1
end_of_record
TN:
SF:src\controllers\statistics.controller.js
FN:6,(anonymous_0)
FN:17,(anonymous_1)
FNF:2
FNH:2
FNDA:1,(anonymous_0)
FNDA:2,(anonymous_1)
DA:2,10
DA:4,10
DA:7,1
DA:8,1
DA:10,1
DA:18,2
DA:19,2
DA:21,2
DA:23,1
DA:30,10
LF:10
LH:10
BRF:0
BRH:0
end_of_record
TN:
SF:src\controllers\users.controller.js
FN:9,(anonymous_0)
FN:18,(anonymous_1)
FN:49,(anonymous_2)
FN:80,(anonymous_3)
FN:94,(anonymous_4)
FN:110,(anonymous_5)
FN:122,(anonymous_6)
FN:131,(anonymous_7)
FNF:8
FNH:5
FNDA:1,(anonymous_0)
FNDA:3,(anonymous_1)
FNDA:0,(anonymous_2)
FNDA:3,(anonymous_3)
FNDA:1,(anonymous_4)
FNDA:0,(anonymous_5)
FNDA:1,(anonymous_6)
FNDA:0,(anonymous_7)
DA:2,10
DA:3,10
DA:4,10
DA:5,10
DA:7,10
DA:10,1
DA:11,1
DA:12,1
DA:19,3
DA:20,3
DA:21,3
DA:22,0
DA:23,0
DA:24,0
DA:25,0
DA:26,0
DA:31,0
DA:33,0
DA:36,0
DA:38,3
DA:42,2
DA:50,0
DA:51,0
DA:52,0
DA:54,0
DA:55,0
DA:56,0
DA:57,0
DA:58,0
DA:63,0
DA:65,0
DA:68,0
DA:71,0
DA:81,3
DA:82,3
DA:86,3
DA:95,1
DA:96,1
DA:97,1
DA:98,1
DA:103,1
DA:111,0
DA:114,0
DA:115,0
DA:123,1
DA:124,1
DA:132,0
DA:133,0
DA:140,10
LF:49
LH:24
BRDA:21,0,0,0
BRDA:21,0,1,3
BRDA:23,1,0,0
BRDA:23,1,1,0
BRDA:51,2,0,0
BRDA:51,2,1,0
BRDA:55,3,0,0
BRDA:55,3,1,0
BRDA:81,4,0,3
BRDA:81,5,0,3
BRF:10
BRH:3
end_of_record
TN:
SF:src\middleware\auth.js
FN:6,(anonymous_0)
FNF:1
FNH:1
FNDA:105,(anonymous_0)
DA:2,10
DA:3,10
DA:4,10
DA:6,10
DA:7,105
DA:8,105
DA:10,105
DA:11,7
DA:14,98
DA:16,98
DA:17,0
DA:20,98
DA:22,98
DA:26,98
DA:27,0
DA:31,98
DA:38,98
DA:40,7
DA:41,0
DA:43,7
DA:44,0
DA:46,7
DA:50,10
LF:23
LH:19
BRDA:10,0,0,7
BRDA:10,0,1,98
BRDA:10,1,0,105
BRDA:10,1,1,98
BRDA:16,2,0,0
BRDA:16,2,1,98
BRDA:23,3,0,98
BRDA:23,3,1,0
BRDA:26,4,0,0
BRDA:26,4,1,98
BRDA:35,5,0,98
BRDA:35,5,1,0
BRDA:40,6,0,0
BRDA:40,6,1,7
BRDA:43,7,0,0
BRDA:43,7,1,7
BRF:16
BRH:10
end_of_record
TN:
SF:src\middleware\errorHandler.js
FN:6,(anonymous_0)
FNF:1
FNH:1
FNDA:51,(anonymous_0)
DA:2,10
DA:3,10
DA:4,10
DA:6,10
DA:7,51
DA:10,51
DA:11,0
DA:15,51
DA:17,0
DA:18,0
DA:21,0
DA:22,0
DA:28,0
DA:29,0
DA:35,0
DA:43,51
DA:44,51
DA:52,0
DA:53,0
DA:55,0
DA:62,10
LF:21
LH:10
BRDA:10,0,0,0
BRDA:10,0,1,51
BRDA:10,1,0,51
BRDA:10,1,1,0
BRDA:10,1,2,0
BRDA:15,2,0,0
BRDA:15,2,1,51
BRDA:17,3,0,0
BRDA:17,3,1,0
BRDA:21,4,0,0
BRDA:21,4,1,0
BRDA:25,5,0,0
BRDA:25,5,1,0
BRDA:28,6,0,0
BRDA:28,6,1,0
BRDA:32,7,0,0
BRDA:32,7,1,0
BRDA:43,8,0,51
BRDA:43,8,1,0
BRDA:47,9,0,51
BRDA:47,9,1,42
BRDA:52,10,0,0
BRDA:52,10,1,0
BRDA:53,11,0,0
BRDA:53,11,1,0
BRDA:57,12,0,0
BRDA:57,12,1,0
BRDA:58,13,0,0
BRDA:58,13,1,0
BRF:29
BRH:6
end_of_record
TN:
SF:src\middleware\ownershipCheck.js
FN:9,(anonymous_0)
FN:10,(anonymous_1)
FNF:2
FNH:2
FNDA:60,(anonymous_0)
FNDA:3,(anonymous_1)
DA:2,10
DA:3,10
DA:9,10
DA:10,60
DA:11,3
DA:12,0
DA:15,3
DA:16,3
DA:19,3
DA:20,1
DA:23,2
DA:24,2
DA:26,2
DA:29,2
DA:32,2
DA:33,2
DA:37,0
DA:41,0
DA:42,0
DA:46,0
DA:50,0
DA:51,0
DA:55,0
DA:63,0
DA:64,0
DA:68,0
DA:71,2
DA:72,1
DA:74,1
DA:77,0
DA:82,10
LF:31
LH:19
BRDA:11,0,0,0
BRDA:11,0,1,3
BRDA:19,1,0,1
BRDA:19,1,1,2
BRDA:26,2,0,2
BRDA:26,2,1,0
BRDA:26,2,2,0
BRDA:26,2,3,0
BRDA:26,2,4,0
BRDA:32,3,0,2
BRDA:32,3,1,2
BRDA:41,4,0,0
BRDA:41,4,1,0
BRDA:50,5,0,0
BRDA:50,5,1,0
BRDA:63,6,0,0
BRDA:63,6,1,0
BRDA:71,7,0,1
BRDA:71,7,1,1
BRF:19
BRH:8
end_of_record
TN:
SF:src\middleware\roleCheck.js
FN:8,(anonymous_0)
FN:9,(anonymous_1)
FNF:2
FNH:2
FNDA:230,(anonymous_0)
FNDA:30,(anonymous_1)
DA:2,10
DA:8,10
DA:9,230
DA:10,30
DA:11,0
DA:14,30
DA:16,30
DA:17,19
DA:19,11
DA:24,10
LF:10
LH:9
BRDA:10,0,0,0
BRDA:10,0,1,30
BRDA:14,1,0,30
BRDA:14,1,1,0
BRDA:16,2,0,19
BRDA:16,2,1,11
BRF:6
BRH:4
end_of_record
TN:
SF:src\middleware\validate.js
FN:5,(anonymous_0)
FN:5,(anonymous_1)
FN:23,(anonymous_2)
FNF:3
FNH:3
FNDA:740,(anonymous_0)
FNDA:79,(anonymous_1)
FNDA:9,(anonymous_2)
DA:2,10
DA:3,10
DA:5,740
DA:6,79
DA:7,79
DA:8,0
DA:9,0
DA:12,79
DA:17,70
DA:19,9
DA:22,9
DA:23,9
DA:28,9
DA:32,0
DA:36,10
LF:15
LH:12
BRDA:7,0,0,0
BRDA:7,0,1,79
BRDA:7,1,0,79
BRDA:7,1,1,79
BRDA:22,2,0,9
BRDA:22,2,1,0
BRF:6
BRH:4
end_of_record
TN:
SF:src\routes\actual.routes.js
FNF:0
FNH:0
DA:2,10
DA:3,10
DA:4,10
DA:5,10
DA:6,10
DA:8,10
DA:10,10
DA:15,10
DA:21,10
DA:26,10
DA:32,10
DA:38,10
DA:44,10
DA:50,10
DA:56,10
LF:15
LH:15
BRF:0
BRH:0
end_of_record
TN:
SF:src\routes\ai.routes.js
FNF:0
FNH:0
DA:2,10
DA:3,10
DA:4,10
DA:5,10
DA:6,10
DA:9,10
DA:12,10
DA:19,10
DA:26,10
DA:33,10
DA:39,10
LF:11
LH:11
BRF:0
BRH:0
end_of_record
TN:
SF:src\routes\auth.routes.js
FN:67,(anonymous_0)
FNF:1
FNH:0
FNDA:0,(anonymous_0)
DA:2,10
DA:3,10
DA:4,10
DA:5,10
DA:6,10
DA:7,10
DA:9,10
DA:12,10
DA:18,10
DA:25,10
DA:27,10
DA:37,10
DA:39,10
DA:49,10
DA:56,10
DA:67,10
DA:68,0
DA:74,10
LF:18
LH:17
BRF:0
BRH:0
end_of_record
TN:
SF:src\routes\booking.routes.js
FNF:0
FNH:0
DA:2,10
DA:3,10
DA:4,10
DA:5,10
DA:6,10
DA:7,10
DA:9,10
DA:12,10
DA:14,10
DA:19,10
DA:24,10
DA:29,10
DA:35,10
DA:41,10
DA:47,10
DA:53,10
LF:16
LH:16
BRF:0
BRH:0
end_of_record
TN:
SF:src\routes\class.routes.js
FNF:0
FNH:0
DA:2,10
DA:3,10
DA:4,10
DA:5,10
DA:6,10
DA:7,10
DA:8,10
DA:9,10
DA:10,10
DA:12,10
DA:15,10
DA:20,10
DA:27,10
DA:29,10
DA:36,10
DA:46,10
DA:55,10
DA:63,10
DA:70,10
DA:77,10
DA:84,10
LF:21
LH:21
BRF:0
BRH:0
end_of_record
TN:
SF:src\routes\competition.routes.js
FNF:0
FNH:0
DA:2,10
DA:3,10
DA:4,10
DA:5,10
DA:6,10
DA:7,10
DA:8,10
DA:9,10
DA:10,10
DA:12,10
DA:15,10
DA:20,10
DA:26,10
DA:33,10
DA:36,10
DA:42,10
DA:48,10
DA:54,10
DA:59,10
DA:66,10
DA:75,10
DA:84,10
DA:92,10
DA:99,10
DA:106,10
DA:113,10
LF:26
LH:26
BRF:0
BRH:0
end_of_record
TN:
SF:src\routes\dietEntry.routes.js
FNF:0
FNH:0
DA:2,10
DA:3,10
DA:4,10
DA:5,10
DA:6,10
DA:7,10
DA:9,10
DA:11,10
DA:14,10
DA:21,10
DA:27,10
DA:33,10
DA:39,10
DA:45,10
DA:51,10
DA:57,10
LF:16
LH:16
BRF:0
BRH:0
end_of_record
TN:
SF:src\routes\exercises.routes.js
FNF:0
FNH:0
DA:2,10
DA:3,10
DA:4,10
DA:5,10
DA:6,10
DA:7,10
DA:8,10
DA:10,10
DA:13,10
DA:18,10
DA:25,10
DA:33,10
DA:41,10
DA:49,10
LF:14
LH:14
BRF:0
BRH:0
end_of_record
TN:
SF:src\routes\foodItem.routes.js
FNF:0
FNH:0
DA:2,10
DA:3,10
DA:4,10
DA:5,10
DA:6,10
DA:7,10
DA:8,10
DA:10,10
DA:12,10
DA:18,10
DA:24,10
DA:31,10
DA:32,10
DA:34,10
DA:40,10
DA:46,10
DA:52,10
LF:17
LH:17
BRF:0
BRH:0
end_of_record
TN:
SF:src\routes\gym.routes.js
FNF:0
FNH:0
DA:2,10
DA:3,10
DA:4,10
DA:5,10
DA:6,10
DA:7,10
DA:8,10
DA:9,10
DA:10,10
DA:14,10
DA:17,10
DA:19,10
DA:22,10
DA:24,10
DA:31,10
DA:34,10
DA:40,10
DA:46,10
DA:52,10
DA:58,10
DA:65,10
DA:74,10
DA:82,10
DA:91,10
DA:98,10
LF:25
LH:25
BRF:0
BRH:0
end_of_record
TN:
SF:src\routes\membership.routes.js
FNF:0
FNH:0
DA:2,10
DA:3,10
DA:4,10
DA:5,10
DA:6,10
DA:7,10
DA:9,10
DA:12,10
DA:14,10
DA:19,10
DA:25,10
DA:31,10
DA:37,10
DA:43,10
DA:49,10
LF:15
LH:15
BRF:0
BRH:0
end_of_record
TN:
SF:src\routes\membershipPlan.routes.js
FNF:0
FNH:0
DA:2,10
DA:3,10
DA:6,10
DA:9,10
DA:10,10
DA:11,10
DA:12,10
DA:16,10
DA:19,10
DA:26,10
DA:34,10
DA:42,10
DA:49,10
LF:13
LH:13
BRF:0
BRH:0
end_of_record
TN:
SF:src\routes\planned.routes.js
FNF:0
FNH:0
DA:2,10
DA:3,10
DA:4,10
DA:5,10
DA:6,10
DA:8,10
DA:10,10
DA:15,10
DA:21,10
DA:27,10
DA:33,10
DA:39,10
DA:45,10
LF:13
LH:13
BRF:0
BRH:0
end_of_record
TN:
SF:src\routes\statistics.routes.js
FNF:0
FNH:0
DA:2,10
DA:3,10
DA:4,10
DA:5,10
DA:6,10
DA:8,10
DA:10,10
DA:15,10
DA:21,10
LF:9
LH:9
BRF:0
BRH:0
end_of_record
TN:
SF:src\routes\uploads.routes.js
FN:10,(anonymous_0)
FN:11,(anonymous_1)
FNF:2
FNH:1
FNDA:40,(anonymous_0)
FNDA:0,(anonymous_1)
DA:2,10
DA:3,10
DA:4,10
DA:5,10
DA:7,10
DA:10,10
DA:11,40
DA:12,0
DA:13,0
DA:14,0
DA:17,0
DA:18,0
DA:20,0
DA:24,0
DA:29,0
DA:31,0
DA:37,10
DA:38,10
DA:39,10
DA:40,10
DA:42,10
LF:21
LH:12
BRF:0
BRH:0
end_of_record
TN:
SF:src\routes\users.routes.js
FNF:0
FNH:0
DA:2,10
DA:3,10
DA:4,10
DA:5,10
DA:6,10
DA:7,10
DA:8,10
DA:9,10
DA:11,10
DA:17,10
DA:19,10
DA:27,10
DA:34,10
DA:40,10
DA:46,10
DA:54,10
DA:60,10
DA:66,10
LF:18
LH:18
BRF:0
BRH:0
end_of_record
TN:
SF:src\services\actual.service.js
FN:6,(anonymous_0)
FN:31,(anonymous_1)
FN:97,(anonymous_2)
FN:127,(anonymous_3)
FN:142,(anonymous_4)
FN:143,(anonymous_5)
FN:212,(anonymous_6)
FN:241,(anonymous_7)
FN:273,(anonymous_8)
FN:275,(anonymous_9)
FN:330,(anonymous_10)
FN:360,(anonymous_11)
FN:408,(anonymous_12)
FN:425,(anonymous_13)
FN:426,(anonymous_14)
FN:443,(anonymous_15)
FN:454,(anonymous_16)
FN:503,(anonymous_17)
FN:543,(anonymous_18)
FN:560,(anonymous_19)
FN:599,(anonymous_20)
FNF:21
FNH:7
FNDA:1,(anonymous_0)
FNDA:2,(anonymous_1)
FNDA:0,(anonymous_2)
FNDA:0,(anonymous_3)
FNDA:0,(anonymous_4)
FNDA:0,(anonymous_5)
FNDA:0,(anonymous_6)
FNDA:0,(anonymous_7)
FNDA:2,(anonymous_8)
FNDA:3,(anonymous_9)
FNDA:3,(anonymous_10)
FNDA:2,(anonymous_11)
FNDA:0,(anonymous_12)
FNDA:0,(anonymous_13)
FNDA:0,(anonymous_14)
FNDA:0,(anonymous_15)
FNDA:1,(anonymous_16)
FNDA:0,(anonymous_17)
FNDA:0,(anonymous_18)
FNDA:0,(anonymous_19)
FNDA:0,(anonymous_20)
DA:2,10
DA:3,10
DA:5,10
DA:7,1
DA:28,1
DA:32,2
DA:35,2
DA:36,2
DA:37,1
DA:39,2
DA:40,1
DA:44,2
DA:48,2
DA:49,1
DA:53,2
DA:58,2
DA:90,2
DA:99,0
DA:127,0
DA:128,0
DA:136,0
DA:141,0
DA:142,0
DA:144,0
DA:148,0
DA:152,0
DA:156,0
DA:160,0
DA:177,0
DA:191,0
DA:195,0
DA:202,0
DA:207,0
DA:208,0
DA:209,0
DA:210,0
DA:212,0
DA:213,0
DA:214,0
DA:215,0
DA:218,0
DA:219,0
DA:220,0
DA:224,0
DA:228,0
DA:232,0
DA:242,0
DA:266,0
DA:267,0
DA:270,0
DA:275,3
DA:276,2
DA:284,2
DA:285,0
DA:289,2
DA:290,1
DA:297,1
DA:298,0
DA:302,1
DA:309,2
DA:310,2
DA:312,1
DA:313,1
DA:314,1
DA:315,1
DA:316,1
DA:317,1
DA:321,2
DA:330,3
DA:357,2
DA:362,2
DA:376,2
DA:377,1
DA:381,1
DA:387,1
DA:388,0
DA:392,1
DA:393,1
DA:395,0
DA:396,0
DA:397,0
DA:398,0
DA:399,0
DA:400,0
DA:406,1
DA:408,0
DA:411,0
DA:419,0
DA:420,0
DA:424,0
DA:425,0
DA:426,0
DA:428,0
DA:429,0
DA:438,0
DA:439,0
DA:443,0
DA:454,1
DA:466,1
DA:495,1
DA:500,1
DA:505,0
DA:515,0
DA:516,0
DA:520,0
DA:527,0
DA:528,0
DA:529,0
DA:530,0
DA:531,0
DA:532,0
DA:533,0
DA:534,0
DA:535,0
DA:536,0
DA:540,0
DA:541,0
DA:543,0
DA:544,0
DA:552,0
DA:553,0
DA:557,0
DA:560,0
DA:574,0
DA:596,0
DA:601,0
DA:608,0
DA:609,0
DA:613,0
DA:619,0
DA:625,10
LF:131
LH:48
BRDA:31,0,0,0
BRDA:31,1,0,0
BRDA:36,2,0,1
BRDA:36,2,1,1
BRDA:39,3,0,1
BRDA:39,3,1,1
BRDA:48,4,0,1
BRDA:48,4,1,1
BRDA:128,5,0,0
BRDA:128,5,1,0
BRDA:136,6,0,0
BRDA:136,6,1,0
BRDA:136,7,0,0
BRDA:136,7,1,0
BRDA:144,8,0,0
BRDA:144,8,1,0
BRDA:144,9,0,0
BRDA:144,9,1,0
BRDA:148,10,0,0
BRDA:148,10,1,0
BRDA:148,11,0,0
BRDA:148,11,1,0
BRDA:152,12,0,0
BRDA:152,12,1,0
BRDA:152,13,0,0
BRDA:152,13,1,0
BRDA:156,14,0,0
BRDA:156,14,1,0
BRDA:156,15,0,0
BRDA:156,15,1,0
BRDA:202,16,0,0
BRDA:202,16,1,0
BRDA:213,17,0,0
BRDA:213,17,1,0
BRDA:218,18,0,0
BRDA:218,18,1,0
BRDA:224,19,0,0
BRDA:224,19,1,0
BRDA:228,20,0,0
BRDA:228,20,1,0
BRDA:266,21,0,0
BRDA:266,21,1,0
BRDA:284,22,0,0
BRDA:284,22,1,2
BRDA:289,23,0,1
BRDA:289,23,1,1
BRDA:297,24,0,0
BRDA:297,24,1,1
BRDA:310,25,0,1
BRDA:310,25,1,1
BRDA:324,26,0,2
BRDA:324,26,1,1
BRDA:332,27,0,3
BRDA:332,27,1,3
BRDA:376,28,0,1
BRDA:376,28,1,1
BRDA:387,29,0,0
BRDA:387,29,1,1
BRDA:393,30,0,0
BRDA:393,30,1,1
BRDA:406,31,0,0
BRDA:406,31,1,1
BRDA:419,32,0,0
BRDA:419,32,1,0
BRDA:428,33,0,0
BRDA:428,33,1,0
BRDA:438,34,0,0
BRDA:438,34,1,0
BRDA:445,35,0,0
BRDA:445,35,1,0
BRDA:473,36,0,1
BRDA:473,36,1,0
BRDA:515,37,0,0
BRDA:515,37,1,0
BRDA:522,38,0,0
BRDA:522,38,1,0
BRDA:527,39,0,0
BRDA:527,39,1,0
BRDA:535,40,0,0
BRDA:535,40,1,0
BRDA:541,41,0,0
BRDA:541,41,1,0
BRDA:552,42,0,0
BRDA:552,42,1,0
BRDA:562,43,0,0
BRDA:562,43,1,0
BRDA:608,44,0,0
BRDA:608,44,1,0
BRDA:613,45,0,0
BRDA:613,45,1,0
BRF:90
BRH:22
end_of_record
TN:
SF:src\services\ai.service.js
FN:6,(anonymous_0)
FN:29,(anonymous_1)
FN:64,(anonymous_2)
FN:87,(anonymous_3)
FNF:4
FNH:4
FNDA:1,(anonymous_0)
FNDA:3,(anonymous_1)
FNDA:3,(anonymous_2)
FNDA:2,(anonymous_3)
DA:2,10
DA:3,10
DA:5,10
DA:7,1
DA:9,1
DA:26,1
DA:30,3
DA:31,3
DA:33,3
DA:34,1
DA:37,3
DA:38,3
DA:40,3
DA:53,3
DA:65,3
DA:77,3
DA:78,1
DA:80,2
DA:82,1
DA:84,1
DA:88,2
DA:92,2
DA:93,0
DA:95,2
DA:96,1
DA:99,1
DA:102,1
DA:106,10
LF:28
LH:27
BRDA:29,0,0,2
BRDA:29,1,0,2
BRDA:33,2,0,1
BRDA:33,2,1,2
BRDA:77,3,0,1
BRDA:77,3,1,2
BRDA:80,4,0,1
BRDA:80,4,1,1
BRDA:92,5,0,0
BRDA:92,5,1,2
BRDA:95,6,0,1
BRDA:95,6,1,1
BRF:12
BRH:11
end_of_record
TN:
SF:src\services\auth.service.js
FN:8,(anonymous_0)
FN:62,(anonymous_1)
FNF:2
FNH:2
FNDA:2,(anonymous_0)
FNDA:3,(anonymous_1)
DA:2,10
DA:3,10
DA:4,10
DA:5,10
DA:7,10
DA:10,2
DA:14,2
DA:15,1
DA:19,1
DA:22,1
DA:25,1
DA:40,1
DA:50,1
DA:64,3
DA:68,3
DA:69,1
DA:73,2
DA:75,2
DA:76,1
DA:80,1
DA:90,1
DA:103,10
LF:22
LH:22
BRDA:14,0,0,1
BRDA:14,0,1,1
BRDA:22,1,0,1
BRDA:22,1,1,1
BRDA:30,2,0,0
BRDA:30,2,1,1
BRDA:44,3,0,1
BRDA:44,3,1,0
BRDA:55,4,0,1
BRDA:55,4,1,0
BRDA:68,5,0,1
BRDA:68,5,1,2
BRDA:75,6,0,1
BRDA:75,6,1,1
BRDA:84,7,0,1
BRDA:84,7,1,0
BRDA:95,8,0,1
BRDA:95,8,1,0
BRF:18
BRH:13
end_of_record
TN:
SF:src\services\booking.service.js
FN:6,(anonymous_0)
FN:41,(anonymous_1)
FN:87,(anonymous_2)
FN:145,(anonymous_3)
FN:183,(anonymous_4)
FN:275,(anonymous_5)
FN:333,(anonymous_6)
FN:360,(anonymous_7)
FN:404,(anonymous_8)
FNF:9
FNH:0
FNDA:0,(anonymous_0)
FNDA:0,(anonymous_1)
FNDA:0,(anonymous_2)
FNDA:0,(anonymous_3)
FNDA:0,(anonymous_4)
FNDA:0,(anonymous_5)
FNDA:0,(anonymous_6)
FNDA:0,(anonymous_7)
FNDA:0,(anonymous_8)
DA:2,10
DA:3,10
DA:5,10
DA:7,0
DA:38,0
DA:42,0
DA:44,0
DA:84,0
DA:88,0
DA:89,0
DA:92,0
DA:104,0
DA:138,0
DA:146,0
DA:176,0
DA:177,0
DA:180,0
DA:184,0
DA:187,0
DA:203,0
DA:204,0
DA:208,0
DA:209,0
DA:213,0
DA:214,0
DA:218,0
DA:219,0
DA:221,0
DA:222,0
DA:226,0
DA:236,0
DA:237,0
DA:241,0
DA:258,0
DA:259,0
DA:263,0
DA:264,0
DA:268,0
DA:269,0
DA:270,0
DA:275,0
DA:277,0
DA:308,0
DA:318,0
DA:327,0
DA:330,0
DA:335,0
DA:345,0
DA:346,0
DA:350,0
DA:351,0
DA:355,0
DA:356,0
DA:360,0
DA:362,0
DA:371,0
DA:382,0
DA:387,0
DA:388,0
DA:390,0
DA:391,0
DA:408,0
DA:418,0
DA:419,0
DA:423,0
DA:424,0
DA:428,0
DA:429,0
DA:430,0
DA:434,0
DA:444,10
LF:71
LH:4
BRDA:87,0,0,0
BRDA:87,1,0,0
BRDA:176,2,0,0
BRDA:176,2,1,0
BRDA:203,3,0,0
BRDA:203,3,1,0
BRDA:208,4,0,0
BRDA:208,4,1,0
BRDA:213,5,0,0
BRDA:213,5,1,0
BRDA:218,6,0,0
BRDA:218,6,1,0
BRDA:221,7,0,0
BRDA:221,7,1,0
BRDA:221,8,0,0
BRDA:221,8,1,0
BRDA:236,9,0,0
BRDA:236,9,1,0
BRDA:258,10,0,0
BRDA:258,10,1,0
BRDA:263,11,0,0
BRDA:263,11,1,0
BRDA:263,12,0,0
BRDA:263,12,1,0
BRDA:268,13,0,0
BRDA:268,13,1,0
BRDA:269,14,0,0
BRDA:269,14,1,0
BRDA:345,15,0,0
BRDA:345,15,1,0
BRDA:350,16,0,0
BRDA:350,16,1,0
BRDA:355,17,0,0
BRDA:355,17,1,0
BRDA:387,18,0,0
BRDA:387,18,1,0
BRDA:387,19,0,0
BRDA:387,19,1,0
BRDA:390,20,0,0
BRDA:390,20,1,0
BRDA:418,21,0,0
BRDA:418,21,1,0
BRDA:423,22,0,0
BRDA:423,22,1,0
BRDA:429,23,0,0
BRDA:429,23,1,0
BRF:46
BRH:0
end_of_record
TN:
SF:src\services\class.service.js
FN:6,(anonymous_0)
FN:77,(anonymous_1)
FN:115,(anonymous_2)
FN:178,(anonymous_3)
FNF:4
FNH:0
FNDA:0,(anonymous_0)
FNDA:0,(anonymous_1)
FNDA:0,(anonymous_2)
FNDA:0,(anonymous_3)
DA:2,10
DA:3,10
DA:5,10
DA:7,0
DA:10,0
DA:14,0
DA:15,0
DA:18,0
DA:19,0
DA:22,0
DA:23,0
DA:30,0
DA:35,0
DA:70,0
DA:78,0
DA:104,0
DA:105,0
DA:108,0
DA:109,0
DA:112,0
DA:117,0
DA:122,0
DA:123,0
DA:126,0
DA:127,0
DA:131,0
DA:132,0
DA:133,0
DA:137,0
DA:138,0
DA:139,0
DA:143,0
DA:178,0
DA:179,0
DA:180,0
DA:181,0
DA:183,0
DA:191,0
DA:195,10
LF:39
LH:4
BRDA:6,0,0,0
BRDA:6,1,0,0
BRDA:14,2,0,0
BRDA:14,2,1,0
BRDA:18,3,0,0
BRDA:18,3,1,0
BRDA:22,4,0,0
BRDA:22,4,1,0
BRDA:104,5,0,0
BRDA:104,5,1,0
BRDA:108,6,0,0
BRDA:108,6,1,0
BRDA:122,7,0,0
BRDA:122,7,1,0
BRDA:126,8,0,0
BRDA:126,8,1,0
BRDA:131,9,0,0
BRDA:131,9,1,0
BRDA:137,10,0,0
BRDA:137,10,1,0
BRDA:179,11,0,0
BRDA:179,11,1,0
BRF:22
BRH:0
end_of_record
TN:
SF:src\services\competition.service.js
FN:8,(anonymous_0)
FN:63,(anonymous_1)
FN:130,(anonymous_2)
FN:150,(anonymous_3)
FN:174,(anonymous_4)
FN:206,(anonymous_5)
FN:242,(anonymous_6)
FN:255,(anonymous_7)
FN:272,(anonymous_8)
FN:288,(anonymous_9)
FN:348,(anonymous_10)
FN:361,(anonymous_11)
FN:383,(anonymous_12)
FN:451,(anonymous_13)
FN:472,(anonymous_14)
FN:503,(anonymous_15)
FN:526,(anonymous_16)
FN:592,(anonymous_17)
FN:640,(anonymous_18)
FN:686,(anonymous_19)
FNF:20
FNH:0
FNDA:0,(anonymous_0)
FNDA:0,(anonymous_1)
FNDA:0,(anonymous_2)
FNDA:0,(anonymous_3)
FNDA:0,(anonymous_4)
FNDA:0,(anonymous_5)
FNDA:0,(anonymous_6)
FNDA:0,(anonymous_7)
FNDA:0,(anonymous_8)
FNDA:0,(anonymous_9)
FNDA:0,(anonymous_10)
FNDA:0,(anonymous_11)
FNDA:0,(anonymous_12)
FNDA:0,(anonymous_13)
FNDA:0,(anonymous_14)
FNDA:0,(anonymous_15)
FNDA:0,(anonymous_16)
FNDA:0,(anonymous_17)
FNDA:0,(anonymous_18)
FNDA:0,(anonymous_19)
DA:2,10
DA:3,10
DA:5,10
DA:16,0
DA:29,0
DA:30,0
DA:33,0
DA:55,0
DA:64,0
DA:95,0
DA:96,0
DA:99,0
DA:100,0
DA:101,0
DA:123,0
DA:132,0
DA:136,0
DA:137,0
DA:140,0
DA:152,0
DA:156,0
DA:157,0
DA:161,0
DA:167,0
DA:176,0
DA:187,0
DA:188,0
DA:192,0
DA:193,0
DA:200,0
DA:208,0
DA:212,0
DA:213,0
DA:217,0
DA:218,0
DA:222,0
DA:223,0
DA:228,0
DA:236,0
DA:240,0
DA:241,0
DA:242,0
DA:251,0
DA:257,0
DA:261,0
DA:262,0
DA:265,0
DA:274,0
DA:278,0
DA:279,0
DA:282,0
DA:290,0
DA:304,0
DA:305,0
DA:309,0
DA:311,0
DA:315,0
DA:322,0
DA:324,0
DA:325,0
DA:330,0
DA:334,0
DA:346,0
DA:347,0
DA:348,0
DA:357,0
DA:363,0
DA:371,0
DA:372,0
DA:376,0
DA:385,0
DA:390,0
DA:391,0
DA:395,0
DA:403,0
DA:404,0
DA:408,0
DA:409,0
DA:413,0
DA:422,0
DA:423,0
DA:427,0
DA:431,0
DA:445,0
DA:447,0
DA:453,0
DA:464,0
DA:465,0
DA:469,0
DA:470,0
DA:472,0
DA:473,0
DA:474,0
DA:475,0
DA:478,0
DA:479,0
DA:480,0
DA:485,0
DA:490,0
DA:499,0
DA:505,0
DA:517,0
DA:518,0
DA:528,0
DA:532,0
DA:533,0
DA:537,0
DA:544,0
DA:547,0
DA:575,0
DA:593,0
DA:599,0
DA:600,0
DA:603,0
DA:632,0
DA:642,0
DA:662,0
DA:663,0
DA:667,0
DA:684,0
DA:686,0
DA:694,10
LF:122
LH:4
BRDA:10,0,0,0
BRDA:11,1,0,0
BRDA:12,2,0,0
BRDA:13,3,0,0
BRDA:14,4,0,0
BRDA:17,5,0,0
BRDA:17,5,1,0
BRDA:18,6,0,0
BRDA:18,6,1,0
BRDA:19,7,0,0
BRDA:19,7,1,0
BRDA:25,8,0,0
BRDA:25,8,1,0
BRDA:63,9,0,0
BRDA:95,10,0,0
BRDA:95,10,1,0
BRDA:100,11,0,0
BRDA:100,11,1,0
BRDA:136,12,0,0
BRDA:136,12,1,0
BRDA:156,13,0,0
BRDA:156,13,1,0
BRDA:163,14,0,0
BRDA:163,14,1,0
BRDA:164,15,0,0
BRDA:164,15,1,0
BRDA:187,16,0,0
BRDA:187,16,1,0
BRDA:192,17,0,0
BRDA:192,17,1,0
BRDA:212,18,0,0
BRDA:212,18,1,0
BRDA:217,19,0,0
BRDA:217,19,1,0
BRDA:222,20,0,0
BRDA:222,20,1,0
BRDA:240,21,0,0
BRDA:240,21,1,0
BRDA:261,22,0,0
BRDA:261,22,1,0
BRDA:278,23,0,0
BRDA:278,23,1,0
BRDA:304,24,0,0
BRDA:304,24,1,0
BRDA:309,25,0,0
BRDA:309,25,1,0
BRDA:309,26,0,0
BRDA:309,26,1,0
BRDA:322,27,0,0
BRDA:322,27,1,0
BRDA:324,28,0,0
BRDA:324,28,1,0
BRDA:346,29,0,0
BRDA:346,29,1,0
BRDA:371,30,0,0
BRDA:371,30,1,0
BRDA:390,31,0,0
BRDA:390,31,1,0
BRDA:403,32,0,0
BRDA:403,32,1,0
BRDA:408,33,0,0
BRDA:408,33,1,0
BRDA:408,34,0,0
BRDA:408,34,1,0
BRDA:422,35,0,0
BRDA:422,35,1,0
BRDA:427,36,0,0
BRDA:427,36,1,0
BRDA:436,37,0,0
BRDA:436,37,1,0
BRDA:436,37,2,0
BRDA:464,38,0,0
BRDA:464,38,1,0
BRDA:473,39,0,0
BRDA:473,39,1,0
BRDA:479,40,0,0
BRDA:479,40,1,0
BRDA:479,41,0,0
BRDA:479,41,1,0
BRDA:485,42,0,0
BRDA:485,42,1,0
BRDA:526,43,0,0
BRDA:526,44,0,0
BRDA:532,45,0,0
BRDA:532,45,1,0
BRDA:592,46,0,0
BRDA:592,47,0,0
BRDA:592,48,0,0
BRDA:595,49,0,0
BRDA:595,49,1,0
BRDA:662,50,0,0
BRDA:662,50,1,0
BRDA:688,51,0,0
BRDA:688,51,1,0
BRF:94
BRH:0
end_of_record
TN:
SF:src\services\dietEntry.service.js
FN:7,(anonymous_0)
FN:42,(anonymous_1)
FN:70,(anonymous_2)
FN:92,(anonymous_3)
FN:120,(anonymous_4)
FN:172,(anonymous_5)
FN:193,(anonymous_6)
FN:219,(anonymous_7)
FN:236,(anonymous_8)
FNF:9
FNH:9
FNDA:4,(anonymous_0)
FNDA:1,(anonymous_1)
FNDA:3,(anonymous_2)
FNDA:2,(anonymous_3)
FNDA:2,(anonymous_4)
FNDA:2,(anonymous_5)
FNDA:2,(anonymous_6)
FNDA:2,(anonymous_7)
FNDA:2,(anonymous_8)
DA:2,10
DA:3,10
DA:5,10
DA:11,4
DA:18,4
DA:19,4
DA:21,4
DA:34,4
DA:46,1
DA:53,1
DA:64,1
DA:71,3
DA:78,3
DA:79,1
DA:82,2
DA:83,1
DA:89,1
DA:93,2
DA:97,2
DA:98,1
DA:102,1
DA:104,1
DA:121,2
DA:125,2
DA:126,0
DA:129,2
DA:130,1
DA:136,1
DA:137,1
DA:138,1
DA:140,1
DA:142,1
DA:146,1
DA:147,0
DA:149,1
DA:152,1
DA:163,1
DA:173,2
DA:177,2
DA:178,0
DA:181,2
DA:182,1
DA:188,1
DA:194,2
DA:197,2
DA:199,2
DA:215,2
DA:216,2
DA:217,2
DA:219,2
DA:220,2
DA:221,2
DA:222,2
DA:224,2
DA:226,2
DA:227,2
DA:228,2
DA:230,2
DA:232,2
DA:235,2
DA:236,2
DA:242,2
DA:244,2
DA:258,10
LF:64
LH:61
BRDA:9,0,0,0
BRDA:9,1,0,0
BRDA:13,2,0,4
BRDA:13,2,1,1
BRDA:14,3,0,4
BRDA:14,3,1,1
BRDA:15,4,0,4
BRDA:15,4,1,1
BRDA:48,5,0,1
BRDA:48,5,1,0
BRDA:49,6,0,1
BRDA:49,6,1,0
BRDA:50,7,0,1
BRDA:50,7,1,0
BRDA:78,8,0,1
BRDA:78,8,1,2
BRDA:82,9,0,1
BRDA:82,9,1,1
BRDA:97,10,0,1
BRDA:97,10,1,1
BRDA:111,11,0,1
BRDA:111,11,1,0
BRDA:125,12,0,0
BRDA:125,12,1,2
BRDA:129,13,0,1
BRDA:129,13,1,1
BRDA:137,14,0,1
BRDA:137,14,1,0
BRDA:137,15,0,1
BRDA:137,15,1,1
BRDA:138,16,0,1
BRDA:138,16,1,1
BRDA:140,17,0,1
BRDA:140,17,1,0
BRDA:146,18,0,0
BRDA:146,18,1,1
BRDA:153,19,0,1
BRDA:153,19,1,0
BRDA:154,20,0,1
BRDA:154,20,1,1
BRDA:156,21,0,1
BRDA:156,21,1,0
BRDA:159,22,0,1
BRDA:159,22,1,1
BRDA:160,23,0,1
BRDA:160,23,1,1
BRDA:177,24,0,0
BRDA:177,24,1,2
BRDA:181,25,0,1
BRDA:181,25,1,1
BRDA:194,26,0,1
BRDA:194,26,1,1
BRDA:197,27,0,1
BRDA:197,27,1,1
BRDA:221,28,0,2
BRDA:221,28,1,0
BRDA:226,29,0,2
BRDA:226,29,1,0
BRDA:227,30,0,2
BRDA:227,30,1,0
BRDA:242,31,0,1
BRDA:242,31,1,1
BRF:62
BRH:46
end_of_record
TN:
SF:src\services\exercises.service.js
FN:6,(anonymous_0)
FN:30,(anonymous_1)
FN:42,(anonymous_2)
FN:69,(anonymous_3)
FN:113,(anonymous_4)
FNF:5
FNH:5
FNDA:3,(anonymous_0)
FNDA:2,(anonymous_1)
FNDA:2,(anonymous_2)
FNDA:1,(anonymous_3)
FNDA:1,(anonymous_4)
DA:2,10
DA:3,10
DA:5,10
DA:7,3
DA:9,3
DA:10,1
DA:13,3
DA:14,1
DA:20,3
DA:27,3
DA:31,2
DA:35,2
DA:36,1
DA:39,1
DA:44,2
DA:53,2
DA:54,1
DA:57,1
DA:66,1
DA:71,1
DA:75,1
DA:76,0
DA:80,1
DA:81,0
DA:93,0
DA:94,0
DA:99,1
DA:100,1
DA:101,1
DA:102,1
DA:103,1
DA:105,1
DA:110,1
DA:115,1
DA:119,1
DA:120,0
DA:124,1
DA:128,1
DA:129,0
DA:132,1
DA:136,1
DA:137,0
DA:140,1
DA:146,10
LF:44
LH:37
BRDA:9,0,0,1
BRDA:9,0,1,2
BRDA:13,1,0,1
BRDA:13,1,1,2
BRDA:35,2,0,1
BRDA:35,2,1,1
BRDA:53,3,0,1
BRDA:53,3,1,1
BRDA:75,4,0,0
BRDA:75,4,1,1
BRDA:80,5,0,0
BRDA:80,5,1,1
BRDA:80,6,0,1
BRDA:80,6,1,0
BRDA:93,7,0,0
BRDA:93,7,1,0
BRDA:100,8,0,0
BRDA:100,8,1,1
BRDA:101,9,0,0
BRDA:101,9,1,1
BRDA:102,10,0,1
BRDA:102,10,1,0
BRDA:103,11,0,1
BRDA:103,11,1,0
BRDA:119,12,0,0
BRDA:119,12,1,1
BRDA:128,13,0,0
BRDA:128,13,1,1
BRDA:136,14,0,0
BRDA:136,14,1,1
BRF:30
BRH:18
end_of_record
TN:
SF:src\services\foodItem.service.js
FN:7,(anonymous_0)
FN:28,(anonymous_1)
FN:58,(anonymous_2)
FN:71,(anonymous_3)
FN:93,(anonymous_4)
FN:121,(anonymous_5)
FNF:6
FNH:6
FNDA:1,(anonymous_0)
FNDA:3,(anonymous_1)
FNDA:2,(anonymous_2)
FNDA:2,(anonymous_3)
FNDA:1,(anonymous_4)
FNDA:2,(anonymous_5)
DA:2,10
DA:3,10
DA:5,10
DA:8,1
DA:18,1
DA:23,1
DA:29,3
DA:39,3
DA:40,3
DA:43,3
DA:50,3
DA:59,2
DA:63,2
DA:64,1
DA:67,1
DA:73,2
DA:77,2
DA:78,1
DA:81,1
DA:95,1
DA:99,1
DA:100,0
DA:104,1
DA:105,0
DA:109,0
DA:110,0
DA:114,1
DA:123,2
DA:127,2
DA:128,0
DA:132,2
DA:136,2
DA:137,1
DA:140,1
DA:146,10
LF:35
LH:30
BRDA:7,0,0,1
BRDA:8,1,0,0
BRDA:8,1,1,1
BRDA:28,2,0,2
BRDA:28,3,0,0
BRDA:28,4,0,0
BRDA:29,5,0,1
BRDA:29,5,1,2
BRDA:63,6,0,1
BRDA:63,6,1,1
BRDA:77,7,0,1
BRDA:77,7,1,1
BRDA:99,8,0,0
BRDA:99,8,1,1
BRDA:104,9,0,0
BRDA:104,9,1,1
BRDA:104,10,0,1
BRDA:104,10,1,0
BRDA:109,11,0,0
BRDA:109,11,1,0
BRDA:127,12,0,0
BRDA:127,12,1,2
BRDA:136,13,0,1
BRDA:136,13,1,1
BRF:24
BRH:15
end_of_record
TN:
SF:src\services\gym.service.js
FN:26,(anonymous_0)
FN:58,(anonymous_1)
FN:68,(anonymous_2)
FN:100,(anonymous_3)
FN:123,(anonymous_4)
FN:160,(anonymous_5)
FN:181,(anonymous_6)
FNF:7
FNH:3
FNDA:3,(anonymous_0)
FNDA:0,(anonymous_1)
FNDA:0,(anonymous_2)
FNDA:2,(anonymous_3)
FNDA:0,(anonymous_4)
FNDA:0,(anonymous_5)
FNDA:1,(anonymous_6)
DA:2,10
DA:3,10
DA:6,10
DA:23,10
DA:27,3
DA:28,3
DA:30,3
DA:31,1
DA:37,3
DA:41,3
DA:51,3
DA:59,0
DA:65,0
DA:69,0
DA:70,0
DA:72,0
DA:73,0
DA:79,0
DA:83,0
DA:93,0
DA:101,2
DA:117,2
DA:118,1
DA:120,1
DA:124,0
DA:128,0
DA:129,0
DA:131,0
DA:157,0
DA:161,0
DA:165,0
DA:166,0
DA:168,0
DA:177,0
DA:182,1
DA:183,1
DA:187,10
LF:37
LH:18
BRDA:26,0,0,0
BRDA:26,1,0,0
BRDA:30,2,0,1
BRDA:30,2,1,2
BRDA:68,3,0,0
BRDA:68,4,0,0
BRDA:72,5,0,0
BRDA:72,5,1,0
BRDA:117,6,0,1
BRDA:117,6,1,1
BRDA:128,7,0,0
BRDA:128,7,1,0
BRDA:165,8,0,0
BRDA:165,8,1,0
BRF:14
BRH:4
end_of_record
TN:
SF:src\services\membership.service.js
FN:6,(anonymous_0)
FN:28,(anonymous_1)
FN:77,(anonymous_2)
FN:115,(anonymous_3)
FN:157,(anonymous_4)
FN:195,(anonymous_5)
FN:226,(anonymous_6)
FN:253,(anonymous_7)
FN:274,(anonymous_8)
FNF:9
FNH:0
FNDA:0,(anonymous_0)
FNDA:0,(anonymous_1)
FNDA:0,(anonymous_2)
FNDA:0,(anonymous_3)
FNDA:0,(anonymous_4)
FNDA:0,(anonymous_5)
FNDA:0,(anonymous_6)
FNDA:0,(anonymous_7)
FNDA:0,(anonymous_8)
DA:2,10
DA:3,10
DA:5,10
DA:7,0
DA:25,0
DA:29,0
DA:70,0
DA:71,0
DA:74,0
DA:78,0
DA:81,0
DA:89,0
DA:90,0
DA:94,0
DA:105,0
DA:106,0
DA:110,0
DA:111,0
DA:112,0
DA:115,0
DA:117,0
DA:139,0
DA:150,0
DA:154,0
DA:159,0
DA:166,0
DA:167,0
DA:171,0
DA:172,0
DA:176,0
DA:192,0
DA:197,0
DA:204,0
DA:205,0
DA:209,0
DA:210,0
DA:214,0
DA:228,0
DA:236,0
DA:237,0
DA:241,0
DA:248,0
DA:254,0
DA:255,0
DA:256,0
DA:259,0
DA:269,0
DA:270,0
DA:271,0
DA:273,0
DA:275,0
DA:286,0
DA:290,10
LF:53
LH:4
BRDA:70,0,0,0
BRDA:70,0,1,0
BRDA:89,1,0,0
BRDA:89,1,1,0
BRDA:105,2,0,0
BRDA:105,2,1,0
BRDA:166,3,0,0
BRDA:166,3,1,0
BRDA:171,4,0,0
BRDA:171,4,1,0
BRDA:204,5,0,0
BRDA:204,5,1,0
BRDA:209,6,0,0
BRDA:209,6,1,0
BRDA:236,7,0,0
BRDA:236,7,1,0
BRF:16
BRH:0
end_of_record
TN:
SF:src\services\membershipPlan.service.js
FN:6,(anonymous_0)
FN:55,(anonymous_1)
FN:69,(anonymous_2)
FN:80,(anonymous_3)
FN:122,(anonymous_4)
FNF:5
FNH:0
FNDA:0,(anonymous_0)
FNDA:0,(anonymous_1)
FNDA:0,(anonymous_2)
FNDA:0,(anonymous_3)
FNDA:0,(anonymous_4)
DA:2,10
DA:3,10
DA:5,10
DA:7,0
DA:11,0
DA:12,0
DA:16,0
DA:17,0
DA:24,0
DA:31,0
DA:32,0
DA:36,0
DA:52,0
DA:56,0
DA:62,0
DA:63,0
DA:65,0
DA:70,0
DA:71,0
DA:72,0
DA:74,0
DA:81,0
DA:86,0
DA:87,0
DA:90,0
DA:91,0
DA:98,0
DA:99,0
DA:106,0
DA:107,0
DA:112,0
DA:119,0
DA:123,0
DA:133,0
DA:134,0
DA:137,0
DA:138,0
DA:145,0
DA:146,0
DA:154,0
DA:157,0
DA:161,10
LF:42
LH:4
BRDA:11,0,0,0
BRDA:11,0,1,0
BRDA:16,1,0,0
BRDA:16,1,1,0
BRDA:16,2,0,0
BRDA:16,2,1,0
BRDA:31,3,0,0
BRDA:31,3,1,0
BRDA:62,4,0,0
BRDA:62,4,1,0
BRDA:71,5,0,0
BRDA:71,5,1,0
BRDA:86,6,0,0
BRDA:86,6,1,0
BRDA:90,7,0,0
BRDA:90,7,1,0
BRDA:90,8,0,0
BRDA:90,8,1,0
BRDA:98,9,0,0
BRDA:98,9,1,0
BRDA:98,10,0,0
BRDA:98,10,1,0
BRDA:106,11,0,0
BRDA:106,11,1,0
BRDA:133,12,0,0
BRDA:133,12,1,0
BRDA:137,13,0,0
BRDA:137,13,1,0
BRDA:137,14,0,0
BRDA:137,14,1,0
BRDA:145,15,0,0
BRDA:145,15,1,0
BRF:32
BRH:0
end_of_record
TN:
SF:src\services\notifications.service.js
FN:26,(anonymous_0)
FN:28,(anonymous_1)
FN:37,(anonymous_2)
FN:46,(anonymous_3)
FN:53,(anonymous_4)
FN:89,(anonymous_5)
FN:99,(anonymous_6)
FN:128,(anonymous_7)
FN:179,(anonymous_8)
FNF:9
FNH:1
FNDA:0,(anonymous_0)
FNDA:0,(anonymous_1)
FNDA:1,(anonymous_2)
FNDA:0,(anonymous_3)
FNDA:0,(anonymous_4)
FNDA:0,(anonymous_5)
FNDA:0,(anonymous_6)
FNDA:0,(anonymous_7)
FNDA:0,(anonymous_8)
DA:2,10
DA:3,10
DA:4,10
DA:8,10
DA:9,0
DA:21,10
DA:24,10
DA:28,0
DA:29,0
DA:30,0
DA:33,0
DA:41,1
DA:42,1
DA:48,0
DA:49,0
DA:54,0
DA:55,0
DA:56,0
DA:59,0
DA:60,0
DA:63,0
DA:86,0
DA:89,0
DA:90,0
DA:92,0
DA:93,0
DA:94,0
DA:98,0
DA:100,0
DA:102,0
DA:103,0
DA:104,0
DA:105,0
DA:108,0
DA:109,0
DA:112,0
DA:117,0
DA:118,0
DA:129,0
DA:131,0
DA:132,0
DA:133,0
DA:134,0
DA:137,0
DA:138,0
DA:141,0
DA:150,0
DA:151,0
DA:159,0
DA:160,0
DA:164,0
DA:169,0
DA:170,0
DA:172,0
DA:173,0
DA:178,0
DA:179,0
DA:181,0
DA:182,0
DA:188,10
DA:189,0
DA:192,10
LF:62
LH:10
BRDA:8,0,0,0
BRDA:8,0,1,10
BRDA:92,1,0,0
BRDA:92,1,1,0
BRDA:102,2,0,0
BRDA:102,2,1,0
BRDA:102,3,0,0
BRDA:102,3,1,0
BRDA:104,4,0,0
BRDA:104,4,1,0
BRDA:108,5,0,0
BRDA:108,5,1,0
BRDA:120,6,0,0
BRDA:120,6,1,0
BRDA:124,7,0,0
BRDA:124,7,1,0
BRDA:131,8,0,0
BRDA:131,8,1,0
BRDA:131,9,0,0
BRDA:131,9,1,0
BRDA:133,10,0,0
BRDA:133,10,1,0
BRDA:137,11,0,0
BRDA:137,11,1,0
BRDA:150,12,0,0
BRDA:150,12,1,0
BRDA:150,13,0,0
BRDA:150,13,1,0
BRDA:188,14,0,0
BRDA:188,14,1,10
BRDA:188,15,0,10
BRDA:188,15,1,10
BRF:32
BRH:4
end_of_record
TN:
SF:src\services\planned.service.js
FN:7,(anonymous_0)
FN:32,(anonymous_1)
FN:60,(anonymous_2)
FN:91,(anonymous_3)
FN:93,(anonymous_4)
FN:114,(anonymous_5)
FN:139,(anonymous_6)
FN:174,(anonymous_7)
FN:191,(anonymous_8)
FN:227,(anonymous_9)
FNF:10
FNH:6
FNDA:1,(anonymous_0)
FNDA:2,(anonymous_1)
FNDA:3,(anonymous_2)
FNDA:2,(anonymous_3)
FNDA:3,(anonymous_4)
FNDA:2,(anonymous_5)
FNDA:0,(anonymous_6)
FNDA:0,(anonymous_7)
FNDA:0,(anonymous_8)
FNDA:0,(anonymous_9)
DA:2,10
DA:3,10
DA:4,10
DA:6,10
DA:8,1
DA:29,1
DA:33,2
DA:34,2
DA:35,2
DA:37,2
DA:57,2
DA:61,3
DA:84,3
DA:85,2
DA:88,1
DA:93,3
DA:94,2
DA:102,2
DA:103,1
DA:107,1
DA:114,2
DA:134,1
DA:136,1
DA:141,0
DA:152,0
DA:153,0
DA:157,0
DA:158,0
DA:162,0
DA:171,0
DA:172,0
DA:174,0
DA:175,0
DA:183,0
DA:184,0
DA:188,0
DA:191,0
DA:204,0
DA:220,0
DA:221,0
DA:224,0
DA:229,0
DA:239,0
DA:240,0
DA:244,0
DA:245,0
DA:249,0
DA:254,0
DA:258,10
LF:49
LH:24
BRDA:32,0,0,0
BRDA:84,1,0,2
BRDA:84,1,1,1
BRDA:102,2,0,1
BRDA:102,2,1,1
BRDA:152,3,0,0
BRDA:152,3,1,0
BRDA:157,4,0,0
BRDA:157,4,1,0
BRDA:164,5,0,0
BRDA:164,5,1,0
BRDA:167,6,0,0
BRDA:167,6,1,0
BRDA:172,7,0,0
BRDA:172,7,1,0
BRDA:183,8,0,0
BRDA:183,8,1,0
BRDA:220,9,0,0
BRDA:220,9,1,0
BRDA:239,10,0,0
BRDA:239,10,1,0
BRDA:244,11,0,0
BRDA:244,11,1,0
BRF:23
BRH:4
end_of_record
TN:
SF:src\services\statistics.service.js
FN:7,(anonymous_0)
FN:108,(anonymous_1)
FN:149,(anonymous_2)
FN:182,(anonymous_3)
FN:198,calculateVolume
FN:204,calculateWeeklyStreaks
FN:212,(anonymous_6)
FN:264,(anonymous_7)
FN:314,getWeekNumber
FN:323,parseWeekKey
FN:330,getWeeksDifference
FN:337,getBestExerciseRecords
FN:360,(anonymous_12)
FN:397,getMonthlyVolumeData
FN:435,(anonymous_14)
FN:450,getTopExercises
FN:465,(anonymous_16)
FN:468,(anonymous_17)
FN:484,(anonymous_18)
FN:485,(anonymous_19)
FN:486,(anonymous_20)
FNF:21
FNH:20
FNDA:1,(anonymous_0)
FNDA:1,(anonymous_1)
FNDA:2,(anonymous_2)
FNDA:1,(anonymous_3)
FNDA:2,calculateVolume
FNDA:1,calculateWeeklyStreaks
FNDA:1,(anonymous_6)
FNDA:1,(anonymous_7)
FNDA:3,getWeekNumber
FNDA:1,parseWeekKey
FNDA:1,getWeeksDifference
FNDA:1,getBestExerciseRecords
FNDA:1,(anonymous_12)
FNDA:5,getMonthlyVolumeData
FNDA:1,(anonymous_14)
FNDA:1,getTopExercises
FNDA:0,(anonymous_16)
FNDA:1,(anonymous_17)
FNDA:1,(anonymous_18)
FNDA:1,(anonymous_19)
FNDA:1,(anonymous_20)
DA:2,10
DA:3,10
DA:5,10
DA:9,1
DA:12,1
DA:17,1
DA:18,1
DA:19,1
DA:22,1
DA:33,1
DA:45,1
DA:50,1
DA:51,1
DA:54,1
DA:55,5
DA:56,5
DA:62,5
DA:63,60
DA:64,60
DA:67,60
DA:68,7
DA:73,7
DA:76,53
DA:86,53
DA:93,5
DA:96,1
DA:99,1
DA:102,1
DA:108,1
DA:111,1
DA:112,1
DA:113,1
DA:115,1
DA:116,1
DA:119,1
DA:120,1
DA:123,1
DA:126,1
DA:127,5
DA:128,5
DA:133,5
DA:136,1
DA:139,1
DA:142,1
DA:143,1
DA:145,1
DA:151,2
DA:155,2
DA:156,1
DA:160,1
DA:182,1
DA:190,1
DA:199,2
DA:200,2
DA:205,1
DA:206,0
DA:210,1
DA:212,1
DA:214,1
DA:215,1
DA:216,1
DA:218,1
DA:219,1
DA:224,1
DA:226,1
DA:227,0
DA:231,1
DA:234,1
DA:235,1
DA:236,1
DA:238,1
DA:239,0
DA:240,0
DA:244,0
DA:248,0
DA:250,0
DA:251,0
DA:254,0
DA:255,0
DA:258,0
DA:259,0
DA:264,1
DA:267,1
DA:268,1
DA:269,1
DA:270,1
DA:273,1
DA:274,1
DA:275,1
DA:277,1
DA:280,1
DA:282,0
DA:285,1
DA:286,1
DA:287,1
DA:290,1
DA:291,1
DA:294,1
DA:299,1
DA:301,1
DA:303,1
DA:306,0
DA:310,1
DA:315,3
DA:316,3
DA:317,3
DA:318,3
DA:319,3
DA:324,1
DA:325,1
DA:326,1
DA:331,1
DA:332,1
DA:333,1
DA:339,1
DA:356,1
DA:357,1
DA:358,1
DA:360,1
DA:362,1
DA:365,1
DA:366,0
DA:373,1
DA:374,1
DA:381,1
DA:382,1
DA:389,1
DA:398,5
DA:399,5
DA:401,5
DA:402,60
DA:403,60
DA:406,60
DA:407,7
DA:412,7
DA:416,53
DA:434,53
DA:435,53
DA:436,1
DA:439,53
DA:446,5
DA:452,1
DA:465,1
DA:468,1
DA:470,1
DA:471,0
DA:475,1
DA:484,1
DA:485,1
DA:486,1
DA:487,1
DA:496,10
LF:152
LH:136
BRDA:45,0,0,0
BRDA:45,0,1,1
BRDA:67,1,0,7
BRDA:67,1,1,53
BRDA:67,2,0,60
BRDA:67,2,1,12
BRDA:155,3,0,1
BRDA:155,3,1,1
BRDA:184,4,0,1
BRDA:184,4,1,0
BRDA:185,5,0,1
BRDA:185,5,1,0
BRDA:186,6,0,1
BRDA:186,6,1,0
BRDA:199,7,0,0
BRDA:199,7,1,2
BRDA:199,8,0,2
BRDA:199,8,1,2
BRDA:199,8,2,2
BRDA:205,9,0,0
BRDA:205,9,1,1
BRDA:218,10,0,1
BRDA:218,10,1,0
BRDA:226,11,0,0
BRDA:226,11,1,1
BRDA:244,12,0,0
BRDA:244,12,1,0
BRDA:244,12,2,0
BRDA:244,12,3,0
BRDA:244,12,4,0
BRDA:244,12,5,0
BRDA:244,12,6,0
BRDA:248,13,0,0
BRDA:248,13,1,0
BRDA:258,14,0,0
BRDA:258,14,1,0
BRDA:280,15,0,0
BRDA:280,15,1,1
BRDA:301,16,0,1
BRDA:301,16,1,0
BRDA:316,17,0,3
BRDA:316,17,1,0
BRDA:362,18,0,1
BRDA:362,18,1,0
BRDA:365,19,0,0
BRDA:365,19,1,1
BRDA:365,20,0,1
BRDA:365,20,1,0
BRDA:373,21,0,1
BRDA:373,21,1,0
BRDA:373,22,0,1
BRDA:373,22,1,1
BRDA:381,23,0,1
BRDA:381,23,1,0
BRDA:381,24,0,1
BRDA:381,24,1,1
BRDA:406,25,0,7
BRDA:406,25,1,53
BRDA:470,26,0,0
BRDA:470,26,1,1
BRF:60
BRH:32
end_of_record
TN:
SF:src\services\users.service.js
FN:8,(anonymous_0)
FN:31,(anonymous_1)
FN:82,(anonymous_2)
FN:120,(anonymous_3)
FN:172,(anonymous_4)
FN:193,(anonymous_5)
FN:228,(anonymous_6)
FN:240,(anonymous_7)
FN:241,(anonymous_8)
FNF:9
FNH:5
FNDA:1,(anonymous_0)
FNDA:3,(anonymous_1)
FNDA:1,(anonymous_2)
FNDA:3,(anonymous_3)
FNDA:1,(anonymous_4)
FNDA:0,(anonymous_5)
FNDA:0,(anonymous_6)
FNDA:0,(anonymous_7)
FNDA:0,(anonymous_8)
DA:2,10
DA:3,10
DA:4,10
DA:6,10
DA:9,1
DA:25,1
DA:26,0
DA:28,1
DA:32,3
DA:35,3
DA:36,0
DA:39,3
DA:40,3
DA:41,2
DA:45,2
DA:46,1
DA:48,1
DA:53,2
DA:79,2
DA:83,1
DA:87,1
DA:88,0
DA:91,1
DA:92,1
DA:93,0
DA:99,1
DA:102,1
DA:103,0
DA:106,1
DA:117,1
DA:121,3
DA:122,3
DA:123,3
DA:124,1
DA:126,3
DA:127,1
DA:133,3
DA:134,3
DA:160,3
DA:173,1
DA:174,1
DA:177,1
DA:180,1
DA:184,1
DA:194,0
DA:195,0
DA:196,0
DA:197,0
DA:199,0
DA:202,0
DA:216,0
DA:219,0
DA:220,0
DA:221,0
DA:222,0
DA:225,0
DA:228,0
DA:229,0
DA:230,0
DA:233,0
DA:234,0
DA:239,0
DA:240,0
DA:241,0
DA:244,0
DA:249,10
LF:66
LH:40
BRDA:25,0,0,0
BRDA:25,0,1,1
BRDA:35,1,0,0
BRDA:35,1,1,3
BRDA:40,2,0,2
BRDA:40,2,1,1
BRDA:40,3,0,3
BRDA:40,3,1,2
BRDA:45,4,0,1
BRDA:45,4,1,1
BRDA:57,5,0,0
BRDA:57,5,1,2
BRDA:87,6,0,0
BRDA:87,6,1,1
BRDA:92,7,0,0
BRDA:92,7,1,1
BRDA:102,8,0,0
BRDA:102,8,1,1
BRDA:120,9,0,0
BRDA:120,10,0,0
BRDA:120,11,0,0
BRDA:123,12,0,1
BRDA:123,12,1,2
BRDA:126,13,0,1
BRDA:126,13,1,2
BRDA:233,14,0,0
BRDA:233,14,1,0
BRDA:241,15,0,0
BRDA:241,15,1,0
BRF:29
BRH:16
end_of_record
TN:
SF:src\utils\ApiError.js
FN:3,(anonymous_0)
FNF:1
FNH:1
FNDA:51,(anonymous_0)
DA:4,51
DA:5,51
DA:6,51
DA:7,51
DA:8,51
DA:12,10
LF:6
LH:6
BRDA:3,0,0,42
BRF:1
BRH:1
end_of_record
TN:
SF:src\utils\asyncHandler.js
FN:2,(anonymous_0)
FN:2,(anonymous_1)
FNF:2
FNH:2
FNDA:1010,(anonymous_0)
FNDA:88,(anonymous_1)
DA:2,1010
DA:3,88
DA:6,10
LF:3
LH:3
BRF:0
BRH:0
end_of_record
TN:
SF:src\utils\oauthUtils.js
FN:4,(anonymous_0)
FNF:1
FNH:0
FNDA:0,(anonymous_0)
DA:2,0
DA:4,0
DA:5,0
DA:12,0
LF:4
LH:0
BRF:0
BRH:0
end_of_record
TN:
SF:src\validators\actual.validator.js
FN:12,(anonymous_0)
FN:20,(anonymous_1)
FN:23,(anonymous_2)
FN:26,(anonymous_3)
FN:29,(anonymous_4)
FN:38,(anonymous_5)
FN:62,(anonymous_6)
FN:67,(anonymous_7)
FN:89,(anonymous_8)
FN:95,(anonymous_9)
FN:119,(anonymous_10)
FNF:11
FNH:7
FNDA:0,(anonymous_0)
FNDA:1,(anonymous_1)
FNDA:1,(anonymous_2)
FNDA:1,(anonymous_3)
FNDA:1,(anonymous_4)
FNDA:2,(anonymous_5)
FNDA:2,(anonymous_6)
FNDA:2,(anonymous_7)
FNDA:0,(anonymous_8)
FNDA:0,(anonymous_9)
FNDA:0,(anonymous_10)
DA:7,10
DA:9,10
DA:12,0
DA:20,1
DA:23,1
DA:26,1
DA:29,1
DA:38,2
DA:62,2
DA:67,2
DA:89,0
DA:95,0
DA:119,0
DA:126,10
LF:14
LH:10
BRDA:20,0,0,1
BRDA:20,0,1,1
BRDA:23,1,0,1
BRDA:23,1,1,1
BRDA:26,2,0,1
BRDA:26,2,1,1
BRDA:29,3,0,1
BRDA:29,3,1,1
BRDA:95,4,0,0
BRDA:95,4,1,0
BRF:10
BRH:8
end_of_record
TN:
SF:src\validators\ai.validator.js
FN:22,(anonymous_0)
FN:33,(anonymous_1)
FN:37,(anonymous_2)
FNF:3
FNH:3
FNDA:5,(anonymous_0)
FNDA:3,(anonymous_1)
FNDA:3,(anonymous_2)
DA:2,10
DA:4,10
DA:22,5
DA:33,3
DA:37,3
DA:43,10
LF:6
LH:6
BRDA:33,0,0,1
BRDA:33,0,1,2
BRDA:37,1,0,1
BRDA:37,1,1,2
BRF:4
BRH:4
end_of_record
TN:
SF:src\validators\auth.validator.js
FN:15,(anonymous_0)
FNF:1
FNH:1
FNDA:4,(anonymous_0)
DA:7,10
DA:9,10
DA:15,4
DA:32,10
LF:4
LH:4
BRDA:15,0,0,4
BRDA:15,0,1,0
BRF:2
BRH:1
end_of_record
TN:
SF:src\validators\booking.validator.js
FN:7,(anonymous_0)
FN:22,(anonymous_1)
FN:33,(anonymous_2)
FNF:3
FNH:0
FNDA:0,(anonymous_0)
FNDA:0,(anonymous_1)
FNDA:0,(anonymous_2)
DA:2,10
DA:4,10
DA:7,0
DA:22,0
DA:33,0
DA:40,10
LF:6
LH:3
BRF:0
BRH:0
end_of_record
TN:
SF:src\validators\class.validator.js
FN:7,(anonymous_0)
FN:35,(anonymous_1)
FN:48,(anonymous_2)
FN:55,(anonymous_3)
FN:63,(anonymous_4)
FN:80,(anonymous_5)
FN:90,(anonymous_6)
FN:97,(anonymous_7)
FNF:8
FNH:0
FNDA:0,(anonymous_0)
FNDA:0,(anonymous_1)
FNDA:0,(anonymous_2)
FNDA:0,(anonymous_3)
FNDA:0,(anonymous_4)
FNDA:0,(anonymous_5)
FNDA:0,(anonymous_6)
FNDA:0,(anonymous_7)
DA:2,10
DA:4,10
DA:7,0
DA:35,0
DA:48,0
DA:55,0
DA:63,0
DA:80,0
DA:90,0
DA:97,0
DA:104,10
LF:11
LH:3
BRF:0
BRH:0
end_of_record
TN:
SF:src\validators\competition.validator.js
FN:24,(anonymous_0)
FN:33,(anonymous_1)
FN:51,(anonymous_2)
FN:60,(anonymous_3)
FN:83,(anonymous_4)
FN:99,(anonymous_5)
FN:108,(anonymous_6)
FN:124,(anonymous_7)
FN:129,(anonymous_8)
FN:130,(anonymous_9)
FNF:10
FNH:0
FNDA:0,(anonymous_0)
FNDA:0,(anonymous_1)
FNDA:0,(anonymous_2)
FNDA:0,(anonymous_3)
FNDA:0,(anonymous_4)
FNDA:0,(anonymous_5)
FNDA:0,(anonymous_6)
FNDA:0,(anonymous_7)
FNDA:0,(anonymous_8)
FNDA:0,(anonymous_9)
DA:2,10
DA:4,10
DA:24,0
DA:33,0
DA:51,0
DA:60,0
DA:83,0
DA:99,0
DA:108,0
DA:124,0
DA:129,0
DA:130,0
DA:135,10
LF:13
LH:3
BRDA:129,0,0,0
BRDA:129,0,1,0
BRDA:130,1,0,0
BRDA:130,1,1,0
BRF:4
BRH:0
end_of_record
TN:
SF:src\validators\diet.validator.js
FN:48,(anonymous_0)
FN:56,(anonymous_1)
FN:70,(anonymous_2)
FN:74,(anonymous_3)
FN:98,(anonymous_4)
FN:118,(anonymous_5)
FN:131,(anonymous_6)
FN:139,(anonymous_7)
FN:151,(anonymous_8)
FN:157,(anonymous_9)
FN:165,(anonymous_10)
FN:169,(anonymous_11)
FN:180,(anonymous_12)
FN:186,(anonymous_13)
FN:200,(anonymous_14)
FN:206,(anonymous_15)
FNF:16
FNH:13
FNDA:1,(anonymous_0)
FNDA:4,(anonymous_1)
FNDA:3,(anonymous_2)
FNDA:3,(anonymous_3)
FNDA:3,(anonymous_4)
FNDA:0,(anonymous_5)
FNDA:2,(anonymous_6)
FNDA:5,(anonymous_7)
FNDA:1,(anonymous_8)
FNDA:1,(anonymous_9)
FNDA:4,(anonymous_10)
FNDA:4,(anonymous_11)
FNDA:0,(anonymous_12)
FNDA:0,(anonymous_13)
FNDA:1,(anonymous_14)
FNDA:1,(anonymous_15)
DA:2,10
DA:4,10
DA:48,1
DA:56,4
DA:70,3
DA:74,3
DA:98,3
DA:118,0
DA:131,2
DA:139,5
DA:151,1
DA:157,1
DA:165,4
DA:169,4
DA:180,0
DA:186,0
DA:200,1
DA:206,1
DA:216,10
LF:19
LH:16
BRDA:70,0,0,1
BRDA:70,0,1,2
BRDA:74,1,0,1
BRDA:74,1,1,2
BRDA:165,2,0,1
BRDA:165,2,1,3
BRDA:169,3,0,1
BRDA:169,3,1,3
BRF:8
BRH:8
end_of_record
TN:
SF:src\validators\exercises.validator.js
FN:12,(anonymous_0)
FN:29,(anonymous_1)
FN:43,(anonymous_2)
FNF:3
FNH:3
FNDA:3,(anonymous_0)
FNDA:1,(anonymous_1)
FNDA:1,(anonymous_2)
DA:7,10
DA:9,10
DA:12,3
DA:29,1
DA:43,1
DA:50,10
LF:6
LH:6
BRF:0
BRH:0
end_of_record
TN:
SF:src\validators\gym.validator.js
FN:7,(anonymous_0)
FN:27,(anonymous_1)
FN:37,(anonymous_2)
FN:44,(anonymous_3)
FNF:4
FNH:4
FNDA:2,(anonymous_0)
FNDA:2,(anonymous_1)
FNDA:2,(anonymous_2)
FNDA:1,(anonymous_3)
DA:2,10
DA:4,10
DA:7,2
DA:27,2
DA:37,2
DA:44,1
DA:51,10
LF:7
LH:7
BRF:0
BRH:0
end_of_record
TN:
SF:src\validators\membership.validator.js
FN:7,(anonymous_0)
FN:26,(anonymous_1)
FN:37,(anonymous_2)
FNF:3
FNH:0
FNDA:0,(anonymous_0)
FNDA:0,(anonymous_1)
FNDA:0,(anonymous_2)
DA:2,10
DA:4,10
DA:7,0
DA:26,0
DA:37,0
DA:44,10
LF:6
LH:3
BRF:0
BRH:0
end_of_record
TN:
SF:src\validators\membershipPlan.validator.js
FN:7,(anonymous_0)
FN:34,(anonymous_1)
FN:42,(anonymous_2)
FN:59,(anonymous_3)
FNF:4
FNH:0
FNDA:0,(anonymous_0)
FNDA:0,(anonymous_1)
FNDA:0,(anonymous_2)
FNDA:0,(anonymous_3)
DA:2,10
DA:4,10
DA:7,0
DA:34,0
DA:42,0
DA:59,0
DA:65,10
LF:7
LH:3
BRF:0
BRH:0
end_of_record
TN:
SF:src\validators\planned.validator.js
FN:12,(anonymous_0)
FN:32,(anonymous_1)
FN:51,(anonymous_2)
FN:57,(anonymous_3)
FN:77,(anonymous_4)
FNF:5
FNH:2
FNDA:3,(anonymous_0)
FNDA:3,(anonymous_1)
FNDA:0,(anonymous_2)
FNDA:0,(anonymous_3)
FNDA:0,(anonymous_4)
DA:7,10
DA:9,10
DA:12,3
DA:32,3
DA:51,0
DA:57,0
DA:77,0
DA:84,10
LF:8
LH:5
BRDA:57,0,0,0
BRDA:57,0,1,0
BRF:2
BRH:0
end_of_record
TN:
SF:src\validators\statistics.validator.js
FN:12,(anonymous_0)
FNF:1
FNH:1
FNDA:3,(anonymous_0)
DA:7,10
DA:9,10
DA:12,3
DA:19,10
LF:4
LH:4
BRF:0
BRH:0
end_of_record
TN:
SF:src\validators\users.validator.js
FN:14,(anonymous_0)
FN:22,(anonymous_1)
FN:32,(anonymous_2)
FNF:3
FNH:3
FNDA:3,(anonymous_0)
FNDA:3,(anonymous_1)
FNDA:2,(anonymous_2)
DA:7,10
DA:10,10
DA:14,3
DA:23,3
DA:32,2
DA:45,10
LF:6
LH:6
BRDA:14,0,0,3
BRDA:14,0,1,0
BRDA:23,1,0,3
BRDA:23,1,1,2
BRF:4
BRH:3
end_of_record
