TN:
SF:src\controllers\actual.controller.js
FN:5,(anonymous_0)
FN:16,(anonymous_1)
FN:41,(anonymous_2)
FN:51,(anonymous_3)
FN:63,(anonymous_4)
FN:79,(anonymous_5)
FN:97,(anonymous_6)
FN:111,(anonymous_7)
FNF:8
FNH:7
FNDA:1,(anonymous_0)
FNDA:2,(anonymous_1)
FNDA:1,(anonymous_2)
FNDA:0,(anonymous_3)
FNDA:2,(anonymous_4)
FNDA:2,(anonymous_5)
FNDA:2,(anonymous_6)
FNDA:1,(anonymous_7)
DA:2,15
DA:4,15
DA:6,1
DA:7,1
DA:9,1
DA:17,2
DA:18,2
DA:20,2
DA:28,2
DA:42,1
DA:43,1
DA:45,1
DA:52,0
DA:53,0
DA:55,0
DA:57,0
DA:64,2
DA:65,2
DA:70,2
DA:72,2
DA:80,2
DA:81,2
DA:82,2
DA:88,2
DA:90,1
DA:98,2
DA:99,2
DA:100,2
DA:102,2
DA:104,1
DA:112,1
DA:113,1
DA:115,1
DA:117,1
DA:124,15
LF:35
LH:31
BRDA:18,0,0,1
BRDA:18,1,0,1
BRDA:22,2,0,1
BRDA:22,2,1,1
BRDA:23,3,0,1
BRDA:23,3,1,1
BRF:6
BRH:6
end_of_record
TN:
SF:src\controllers\ai.controller.js
FN:6,(anonymous_0)
FN:16,(anonymous_1)
FN:32,(anonymous_2)
FN:42,(anonymous_3)
FNF:4
FNH:4
FNDA:1,(anonymous_0)
FNDA:3,(anonymous_1)
FNDA:3,(anonymous_2)
FNDA:2,(anonymous_3)
DA:2,15
DA:3,15
DA:5,15
DA:7,1
DA:8,1
DA:9,1
DA:17,3
DA:18,3
DA:19,3
DA:24,3
DA:33,3
DA:34,3
DA:35,3
DA:36,1
DA:43,2
DA:44,2
DA:45,2
DA:46,1
DA:53,15
LF:19
LH:19
BRDA:20,0,0,1
BRDA:20,0,1,2
BRDA:21,1,0,1
BRDA:21,1,1,2
BRF:4
BRH:4
end_of_record
TN:
SF:src\controllers\auth.controller.js
FN:7,(anonymous_0)
FN:18,(anonymous_1)
FN:34,(anonymous_2)
FNF:3
FNH:2
FNDA:2,(anonymous_0)
FNDA:3,(anonymous_1)
FNDA:0,(anonymous_2)
DA:2,15
DA:3,15
DA:4,15
DA:6,15
DA:8,2
DA:9,2
DA:11,1
DA:19,3
DA:20,3
DA:22,1
DA:23,0
DA:26,1
DA:36,0
DA:38,0
DA:39,0
DA:45,0
DA:49,0
DA:54,0
DA:61,0
DA:68,0
DA:69,0
DA:80,0
DA:82,0
DA:86,0
DA:97,15
LF:25
LH:12
BRDA:22,0,0,0
BRDA:22,0,1,1
BRDA:36,1,0,0
BRDA:36,1,1,0
BRDA:38,2,0,0
BRDA:38,2,1,0
BRDA:49,3,0,0
BRDA:49,3,1,0
BRDA:68,4,0,0
BRDA:68,4,1,0
BRDA:80,5,0,0
BRDA:80,5,1,0
BRF:12
BRH:1
end_of_record
TN:
SF:src\controllers\booking.controller.js
FN:5,(anonymous_0)
FN:16,(anonymous_1)
FN:27,(anonymous_2)
FN:50,(anonymous_3)
FN:62,(anonymous_4)
FN:78,(anonymous_5)
FN:91,(anonymous_6)
FNF:7
FNH:7
FNDA:1,(anonymous_0)
FNDA:1,(anonymous_1)
FNDA:2,(anonymous_2)
FNDA:3,(anonymous_3)
FNDA:6,(anonymous_4)
FNDA:4,(anonymous_5)
FNDA:3,(anonymous_6)
DA:2,15
DA:4,15
DA:6,1
DA:7,1
DA:9,1
DA:17,1
DA:18,1
DA:20,1
DA:28,2
DA:29,2
DA:31,2
DA:37,2
DA:51,3
DA:52,3
DA:54,3
DA:56,1
DA:63,6
DA:64,6
DA:69,6
DA:71,1
DA:79,4
DA:80,4
DA:81,4
DA:83,4
DA:85,1
DA:92,3
DA:93,3
DA:95,3
DA:97,1
DA:104,15
LF:30
LH:30
BRDA:29,0,0,1
BRDA:29,1,0,1
BRF:2
BRH:2
end_of_record
TN:
SF:src\controllers\class.controller.js
FN:9,(anonymous_0)
FN:33,(anonymous_1)
FN:43,(anonymous_2)
FN:60,(anonymous_3)
FN:98,(anonymous_4)
FN:142,(anonymous_5)
FN:195,(anonymous_6)
FN:259,(anonymous_7)
FN:344,(anonymous_8)
FNF:9
FNH:7
FNDA:5,(anonymous_0)
FNDA:2,(anonymous_1)
FNDA:2,(anonymous_2)
FNDA:3,(anonymous_3)
FNDA:1,(anonymous_4)
FNDA:2,(anonymous_5)
FNDA:2,(anonymous_6)
FNDA:0,(anonymous_7)
FNDA:0,(anonymous_8)
DA:2,15
DA:3,15
DA:4,15
DA:5,15
DA:6,15
DA:8,15
DA:10,5
DA:12,5
DA:20,5
DA:34,2
DA:35,2
DA:37,1
DA:44,2
DA:45,2
DA:47,2
DA:53,2
DA:61,3
DA:62,3
DA:65,3
DA:69,3
DA:70,0
DA:74,3
DA:76,2
DA:77,1
DA:81,2
DA:87,2
DA:91,2
DA:99,1
DA:102,1
DA:106,1
DA:107,0
DA:111,1
DA:114,1
DA:116,0
DA:117,0
DA:118,0
DA:119,0
DA:120,0
DA:122,0
DA:126,0
DA:130,1
DA:135,1
DA:143,2
DA:146,2
DA:150,2
DA:151,0
DA:155,2
DA:159,2
DA:161,1
DA:166,1
DA:174,1
DA:175,0
DA:176,0
DA:177,0
DA:178,0
DA:180,0
DA:185,1
DA:189,1
DA:196,2
DA:197,2
DA:200,2
DA:207,2
DA:208,0
DA:212,2
DA:213,2
DA:215,2
DA:216,1
DA:220,1
DA:236,1
DA:237,0
DA:241,1
DA:252,1
DA:260,0
DA:263,0
DA:270,0
DA:271,0
DA:275,0
DA:276,0
DA:277,0
DA:280,0
DA:281,0
DA:285,0
DA:304,0
DA:305,0
DA:310,0
DA:312,0
DA:319,0
DA:332,0
DA:337,0
DA:345,0
DA:348,0
DA:359,0
DA:360,0
DA:364,0
DA:366,0
DA:375,0
DA:386,0
DA:393,0
DA:397,0
DA:404,15
LF:100
LH:56
BRDA:10,0,0,4
BRDA:10,1,0,4
BRDA:13,2,0,1
BRDA:13,2,1,4
BRDA:49,3,0,1
BRDA:49,3,1,1
BRDA:50,4,0,1
BRDA:50,4,1,1
BRDA:69,5,0,0
BRDA:69,5,1,3
BRDA:74,6,0,2
BRDA:74,6,1,1
BRDA:76,7,0,1
BRDA:76,7,1,1
BRDA:83,8,0,0
BRDA:83,8,1,2
BRDA:106,9,0,0
BRDA:106,9,1,1
BRDA:114,10,0,0
BRDA:114,10,1,1
BRDA:116,11,0,0
BRDA:116,11,1,0
BRDA:150,12,0,0
BRDA:150,12,1,2
BRDA:159,13,0,1
BRDA:159,13,1,1
BRDA:174,14,0,0
BRDA:174,14,1,1
BRDA:207,15,0,0
BRDA:207,15,1,2
BRDA:215,16,0,1
BRDA:215,16,1,1
BRDA:236,17,0,0
BRDA:236,17,1,1
BRDA:270,18,0,0
BRDA:270,18,1,0
BRDA:275,19,0,0
BRDA:275,19,1,0
BRDA:275,20,0,0
BRDA:275,20,1,0
BRDA:276,21,0,0
BRDA:276,21,1,0
BRDA:277,22,0,0
BRDA:277,22,1,0
BRDA:280,23,0,0
BRDA:280,23,1,0
BRDA:304,24,0,0
BRDA:304,24,1,0
BRDA:312,25,0,0
BRDA:312,25,1,0
BRDA:312,26,0,0
BRDA:312,26,1,0
BRDA:359,27,0,0
BRDA:359,27,1,0
BRDA:364,28,0,0
BRDA:364,28,1,0
BRF:56
BRH:24
end_of_record
TN:
SF:src\controllers\competition.controller.js
FN:10,(anonymous_0)
FN:43,(anonymous_1)
FN:71,(anonymous_2)
FN:100,(anonymous_3)
FN:116,(anonymous_4)
FN:152,(anonymous_5)
FN:209,(anonymous_6)
FN:256,(anonymous_7)
FN:281,(anonymous_8)
FN:293,(anonymous_9)
FN:327,(anonymous_10)
FN:360,(anonymous_11)
FN:377,(anonymous_12)
FN:390,(anonymous_13)
FN:408,(anonymous_14)
FN:433,(anonymous_15)
FN:460,(anonymous_16)
FNF:17
FNH:10
FNDA:5,(anonymous_0)
FNDA:0,(anonymous_1)
FNDA:0,(anonymous_2)
FNDA:2,(anonymous_3)
FNDA:3,(anonymous_4)
FNDA:0,(anonymous_5)
FNDA:0,(anonymous_6)
FNDA:1,(anonymous_7)
FNDA:1,(anonymous_8)
FNDA:0,(anonymous_9)
FNDA:0,(anonymous_10)
FNDA:4,(anonymous_11)
FNDA:2,(anonymous_12)
FNDA:2,(anonymous_13)
FNDA:2,(anonymous_14)
FNDA:2,(anonymous_15)
FNDA:0,(anonymous_16)
DA:2,15
DA:3,15
DA:4,15
DA:5,15
DA:6,15
DA:8,15
DA:18,5
DA:20,5
DA:29,5
DA:44,0
DA:45,0
DA:47,0
DA:57,0
DA:72,0
DA:74,0
DA:76,0
DA:86,0
DA:101,2
DA:102,2
DA:104,2
DA:109,1
DA:118,3
DA:121,3
DA:123,2
DA:124,2
DA:128,2
DA:129,1
DA:136,2
DA:142,2
DA:144,2
DA:153,0
DA:156,0
DA:158,0
DA:160,0
DA:161,0
DA:169,0
DA:172,0
DA:174,0
DA:180,0
DA:181,0
DA:182,0
DA:183,0
DA:188,0
DA:190,0
DA:194,0
DA:197,0
DA:202,0
DA:210,0
DA:213,0
DA:218,0
DA:219,0
DA:223,0
DA:224,0
DA:225,0
DA:233,0
DA:234,0
DA:235,0
DA:236,0
DA:241,0
DA:243,0
DA:247,0
DA:249,0
DA:257,1
DA:260,1
DA:262,1
DA:264,1
DA:265,0
DA:272,1
DA:274,1
DA:282,1
DA:284,1
DA:285,1
DA:294,0
DA:297,0
DA:298,0
DA:309,0
DA:310,0
DA:317,0
DA:319,0
DA:328,0
DA:331,0
DA:332,0
DA:343,0
DA:344,0
DA:351,0
DA:353,0
DA:361,4
DA:362,4
DA:364,4
DA:369,2
DA:378,2
DA:379,2
DA:381,2
DA:383,1
DA:391,2
DA:392,2
DA:394,2
DA:400,2
DA:409,2
DA:410,2
DA:412,2
DA:420,2
DA:434,2
DA:435,2
DA:437,2
DA:446,2
DA:461,0
DA:462,0
DA:464,0
DA:469,0
DA:476,15
LF:111
LH:52
BRDA:15,0,0,4
BRDA:16,1,0,4
BRDA:22,2,0,1
BRDA:22,2,1,4
BRDA:50,3,0,0
BRDA:50,3,1,0
BRDA:52,4,0,0
BRDA:52,4,1,0
BRDA:53,5,0,0
BRDA:53,5,1,0
BRDA:78,6,0,0
BRDA:78,6,1,0
BRDA:82,7,0,0
BRDA:82,7,1,0
BRDA:83,8,0,0
BRDA:83,8,1,0
BRDA:121,9,0,2
BRDA:121,9,1,1
BRDA:128,10,0,1
BRDA:128,10,1,1
BRDA:128,11,0,2
BRDA:128,11,1,2
BRDA:138,12,0,0
BRDA:138,12,1,2
BRDA:156,13,0,0
BRDA:156,13,1,0
BRDA:160,14,0,0
BRDA:160,14,1,0
BRDA:172,15,0,0
BRDA:172,15,1,0
BRDA:180,16,0,0
BRDA:180,16,1,0
BRDA:180,17,0,0
BRDA:180,17,1,0
BRDA:218,18,0,0
BRDA:218,18,1,0
BRDA:223,19,0,0
BRDA:223,19,1,0
BRDA:224,20,0,0
BRDA:224,20,1,0
BRDA:233,21,0,0
BRDA:233,21,1,0
BRDA:260,22,0,1
BRDA:260,22,1,0
BRDA:264,23,0,0
BRDA:264,23,1,1
BRDA:297,24,0,0
BRDA:297,24,1,0
BRDA:309,25,0,0
BRDA:309,25,1,0
BRDA:309,26,0,0
BRDA:309,26,1,0
BRDA:331,27,0,0
BRDA:331,27,1,0
BRDA:343,28,0,0
BRDA:343,28,1,0
BRDA:343,29,0,0
BRDA:343,29,1,0
BRDA:410,30,0,1
BRDA:410,31,0,1
BRDA:435,32,0,1
BRDA:435,33,0,2
BRDA:435,34,0,2
BRF:63
BRH:18
end_of_record
TN:
SF:src\controllers\dietEntry.controller.js
FN:5,(anonymous_0)
FN:31,(anonymous_1)
FN:48,(anonymous_2)
FN:60,(anonymous_3)
FN:72,(anonymous_4)
FN:89,(anonymous_5)
FN:101,(anonymous_6)
FNF:7
FNH:7
FNDA:4,(anonymous_0)
FNDA:1,(anonymous_1)
FNDA:3,(anonymous_2)
FNDA:2,(anonymous_3)
FNDA:2,(anonymous_4)
FNDA:2,(anonymous_5)
FNDA:2,(anonymous_6)
DA:2,15
DA:4,15
DA:6,4
DA:7,4
DA:9,4
DA:17,4
DA:32,1
DA:33,1
DA:35,1
DA:41,1
DA:49,3
DA:50,3
DA:52,3
DA:54,1
DA:61,2
DA:63,2
DA:65,1
DA:73,2
DA:74,2
DA:76,2
DA:82,1
DA:90,2
DA:91,2
DA:93,2
DA:95,1
DA:102,2
DA:103,2
DA:105,2
DA:110,2
DA:117,15
LF:30
LH:30
BRDA:7,0,0,3
BRDA:7,1,0,3
BRF:2
BRH:2
end_of_record
TN:
SF:src\controllers\exercises.controller.js
FN:5,(anonymous_0)
FN:16,(anonymous_1)
FN:26,(anonymous_2)
FN:37,(anonymous_3)
FN:50,(anonymous_4)
FNF:5
FNH:5
FNDA:3,(anonymous_0)
FNDA:2,(anonymous_1)
FNDA:2,(anonymous_2)
FNDA:1,(anonymous_3)
FNDA:1,(anonymous_4)
DA:2,15
DA:4,15
DA:6,3
DA:7,3
DA:9,3
DA:17,2
DA:18,2
DA:20,1
DA:27,2
DA:28,2
DA:30,1
DA:38,1
DA:39,1
DA:41,1
DA:43,1
DA:51,1
DA:52,1
DA:54,1
DA:61,15
LF:19
LH:19
BRF:0
BRH:0
end_of_record
TN:
SF:src\controllers\foodItem.controller.js
FN:6,(anonymous_0)
FN:19,(anonymous_1)
FN:42,(anonymous_2)
FN:54,(anonymous_3)
FN:65,(anonymous_4)
FN:78,(anonymous_5)
FNF:6
FNH:6
FNDA:1,(anonymous_0)
FNDA:3,(anonymous_1)
FNDA:2,(anonymous_2)
FNDA:2,(anonymous_3)
FNDA:1,(anonymous_4)
FNDA:2,(anonymous_5)
DA:2,15
DA:4,15
DA:7,1
DA:9,1
DA:11,1
DA:20,3
DA:22,3
DA:28,3
DA:43,2
DA:45,2
DA:47,1
DA:55,2
DA:57,1
DA:66,1
DA:68,1
DA:70,1
DA:79,2
DA:81,2
DA:83,1
DA:90,15
LF:20
LH:20
BRDA:20,0,0,2
BRDA:20,1,0,2
BRF:2
BRH:2
end_of_record
TN:
SF:src\controllers\gym.controller.js
FN:9,(anonymous_0)
FN:30,(anonymous_1)
FN:39,(anonymous_2)
FN:63,(anonymous_3)
FN:72,(anonymous_4)
FN:82,(anonymous_5)
FN:92,(anonymous_6)
FN:125,(anonymous_7)
FN:169,(anonymous_8)
FN:200,(anonymous_9)
FNF:10
FNH:6
FNDA:3,(anonymous_0)
FNDA:0,(anonymous_1)
FNDA:0,(anonymous_2)
FNDA:2,(anonymous_3)
FNDA:0,(anonymous_4)
FNDA:0,(anonymous_5)
FNDA:2,(anonymous_6)
FNDA:2,(anonymous_7)
FNDA:1,(anonymous_8)
FNDA:1,(anonymous_9)
DA:2,15
DA:3,15
DA:4,15
DA:5,15
DA:6,15
DA:9,15
DA:10,3
DA:11,3
DA:17,3
DA:30,15
DA:31,0
DA:32,0
DA:39,15
DA:40,0
DA:41,0
DA:43,0
DA:50,0
DA:63,15
DA:64,2
DA:65,2
DA:66,1
DA:72,15
DA:73,0
DA:74,0
DA:75,0
DA:82,15
DA:83,0
DA:84,0
DA:85,0
DA:92,15
DA:93,2
DA:94,2
DA:95,2
DA:96,1
DA:97,1
DA:98,0
DA:99,1
DA:100,1
DA:103,2
DA:109,2
DA:110,1
DA:111,1
DA:114,2
DA:118,2
DA:125,15
DA:126,2
DA:127,2
DA:131,2
DA:132,0
DA:135,2
DA:136,2
DA:137,0
DA:138,0
DA:139,0
DA:140,0
DA:145,0
DA:147,0
DA:150,0
DA:153,2
DA:154,0
DA:157,2
DA:162,2
DA:169,15
DA:170,1
DA:171,1
DA:175,1
DA:176,0
DA:179,1
DA:180,0
DA:181,0
DA:182,0
DA:183,0
DA:185,0
DA:189,1
DA:193,1
DA:200,15
DA:201,1
DA:202,1
DA:210,15
DA:223,15
LF:80
LH:52
BRDA:10,0,0,2
BRDA:10,1,0,2
BRDA:41,2,0,0
BRDA:41,3,0,0
BRDA:95,4,0,1
BRDA:95,4,1,1
BRDA:97,5,0,0
BRDA:97,5,1,1
BRDA:97,6,0,1
BRDA:97,6,1,1
BRDA:99,7,0,1
BRDA:99,7,1,0
BRDA:99,8,0,1
BRDA:99,8,1,1
BRDA:106,9,0,0
BRDA:106,9,1,2
BRDA:109,10,0,1
BRDA:109,10,1,1
BRDA:131,11,0,0
BRDA:131,11,1,2
BRDA:136,12,0,0
BRDA:136,12,1,2
BRDA:137,13,0,0
BRDA:137,13,1,0
BRDA:153,14,0,0
BRDA:153,14,1,2
BRDA:153,15,0,2
BRDA:153,15,1,1
BRDA:175,16,0,0
BRDA:175,16,1,1
BRDA:179,17,0,0
BRDA:179,17,1,1
BRF:32
BRH:20
end_of_record
TN:
SF:src\controllers\membership.controller.js
FN:5,(anonymous_0)
FN:16,(anonymous_1)
FN:28,(anonymous_2)
FN:44,(anonymous_3)
FN:58,(anonymous_4)
FN:70,(anonymous_5)
FNF:6
FNH:6
FNDA:1,(anonymous_0)
FNDA:3,(anonymous_1)
FNDA:3,(anonymous_2)
FNDA:2,(anonymous_3)
FNDA:2,(anonymous_4)
FNDA:2,(anonymous_5)
DA:2,15
DA:4,15
DA:6,1
DA:7,1
DA:9,1
DA:17,3
DA:18,3
DA:20,3
DA:22,1
DA:29,3
DA:30,3
DA:35,3
DA:37,1
DA:45,2
DA:46,2
DA:47,2
DA:49,2
DA:51,1
DA:59,2
DA:60,2
DA:62,2
DA:64,1
DA:71,2
DA:72,2
DA:74,2
DA:76,1
DA:84,15
LF:27
LH:27
BRF:0
BRH:0
end_of_record
TN:
SF:src\controllers\membershipPlan.controller.js
FN:6,(anonymous_0)
FN:24,(anonymous_1)
FN:34,(anonymous_2)
FN:44,(anonymous_3)
FN:62,(anonymous_4)
FNF:5
FNH:4
FNDA:5,(anonymous_0)
FNDA:2,(anonymous_1)
FNDA:0,(anonymous_2)
FNDA:4,(anonymous_3)
FNDA:2,(anonymous_4)
DA:2,15
DA:3,15
DA:5,15
DA:7,5
DA:8,5
DA:10,5
DA:17,2
DA:25,2
DA:26,2
DA:27,1
DA:35,0
DA:36,0
DA:37,0
DA:45,4
DA:46,4
DA:48,4
DA:55,2
DA:63,2
DA:64,2
DA:66,2
DA:72,2
DA:74,1
DA:80,1
DA:90,15
LF:24
LH:21
BRDA:72,0,0,1
BRDA:72,0,1,1
BRF:2
BRH:2
end_of_record
TN:
SF:src\controllers\planned.controller.js
FN:5,(anonymous_0)
FN:16,(anonymous_1)
FN:31,(anonymous_2)
FN:43,(anonymous_3)
FN:59,(anonymous_4)
FN:73,(anonymous_5)
FNF:6
FNH:6
FNDA:1,(anonymous_0)
FNDA:2,(anonymous_1)
FNDA:3,(anonymous_2)
FNDA:2,(anonymous_3)
FNDA:2,(anonymous_4)
FNDA:1,(anonymous_5)
DA:2,15
DA:4,15
DA:6,1
DA:7,1
DA:9,1
DA:17,2
DA:18,2
DA:20,2
DA:22,2
DA:32,3
DA:33,3
DA:35,3
DA:37,1
DA:44,2
DA:45,2
DA:50,2
DA:52,1
DA:60,2
DA:61,2
DA:62,2
DA:64,2
DA:66,1
DA:74,1
DA:75,1
DA:77,1
DA:79,0
DA:86,15
LF:27
LH:26
BRDA:18,0,0,1
BRF:1
BRH:1
end_of_record
TN:
SF:src\controllers\statistics.controller.js
FN:6,(anonymous_0)
FN:17,(anonymous_1)
FNF:2
FNH:2
FNDA:1,(anonymous_0)
FNDA:2,(anonymous_1)
DA:2,15
DA:4,15
DA:7,1
DA:8,1
DA:10,1
DA:18,2
DA:19,2
DA:21,2
DA:23,1
DA:30,15
LF:10
LH:10
BRF:0
BRH:0
end_of_record
TN:
SF:src\controllers\users.controller.js
FN:9,(anonymous_0)
FN:18,(anonymous_1)
FN:49,(anonymous_2)
FN:80,(anonymous_3)
FN:94,(anonymous_4)
FN:110,(anonymous_5)
FN:122,(anonymous_6)
FN:131,(anonymous_7)
FNF:8
FNH:5
FNDA:1,(anonymous_0)
FNDA:3,(anonymous_1)
FNDA:0,(anonymous_2)
FNDA:3,(anonymous_3)
FNDA:1,(anonymous_4)
FNDA:0,(anonymous_5)
FNDA:1,(anonymous_6)
FNDA:0,(anonymous_7)
DA:2,15
DA:3,15
DA:4,15
DA:5,15
DA:7,15
DA:10,1
DA:11,1
DA:12,1
DA:19,3
DA:20,3
DA:21,3
DA:22,0
DA:23,0
DA:24,0
DA:25,0
DA:26,0
DA:31,0
DA:33,0
DA:36,0
DA:38,3
DA:42,2
DA:50,0
DA:51,0
DA:52,0
DA:54,0
DA:55,0
DA:56,0
DA:57,0
DA:58,0
DA:63,0
DA:65,0
DA:68,0
DA:71,0
DA:81,3
DA:82,3
DA:86,3
DA:95,1
DA:96,1
DA:97,1
DA:98,1
DA:103,1
DA:111,0
DA:114,0
DA:115,0
DA:123,1
DA:124,1
DA:132,0
DA:133,0
DA:140,15
LF:49
LH:24
BRDA:21,0,0,0
BRDA:21,0,1,3
BRDA:23,1,0,0
BRDA:23,1,1,0
BRDA:51,2,0,0
BRDA:51,2,1,0
BRDA:55,3,0,0
BRDA:55,3,1,0
BRDA:81,4,0,3
BRDA:81,5,0,3
BRF:10
BRH:3
end_of_record
TN:
SF:src\middleware\auth.js
FN:6,(anonymous_0)
FNF:1
FNH:1
FNDA:193,(anonymous_0)
DA:2,15
DA:3,15
DA:4,15
DA:6,15
DA:7,193
DA:8,193
DA:10,193
DA:11,9
DA:14,184
DA:16,184
DA:17,0
DA:20,184
DA:22,184
DA:26,184
DA:27,0
DA:31,184
DA:38,184
DA:40,9
DA:41,0
DA:43,9
DA:44,0
DA:46,9
DA:50,15
LF:23
LH:19
BRDA:10,0,0,9
BRDA:10,0,1,184
BRDA:10,1,0,193
BRDA:10,1,1,184
BRDA:16,2,0,0
BRDA:16,2,1,184
BRDA:23,3,0,184
BRDA:23,3,1,0
BRDA:26,4,0,0
BRDA:26,4,1,184
BRDA:35,5,0,184
BRDA:35,5,1,0
BRDA:40,6,0,0
BRDA:40,6,1,9
BRDA:43,7,0,0
BRDA:43,7,1,9
BRF:16
BRH:10
end_of_record
TN:
SF:src\middleware\errorHandler.js
FN:6,(anonymous_0)
FNF:1
FNH:1
FNDA:100,(anonymous_0)
DA:2,15
DA:3,15
DA:4,15
DA:6,15
DA:7,100
DA:10,100
DA:11,0
DA:15,100
DA:17,0
DA:18,0
DA:21,0
DA:22,0
DA:28,0
DA:29,0
DA:35,0
DA:43,100
DA:44,100
DA:52,0
DA:53,0
DA:55,0
DA:62,15
LF:21
LH:10
BRDA:10,0,0,0
BRDA:10,0,1,100
BRDA:10,1,0,100
BRDA:10,1,1,0
BRDA:10,1,2,0
BRDA:15,2,0,0
BRDA:15,2,1,100
BRDA:17,3,0,0
BRDA:17,3,1,0
BRDA:21,4,0,0
BRDA:21,4,1,0
BRDA:25,5,0,0
BRDA:25,5,1,0
BRDA:28,6,0,0
BRDA:28,6,1,0
BRDA:32,7,0,0
BRDA:32,7,1,0
BRDA:43,8,0,100
BRDA:43,8,1,0
BRDA:47,9,0,100
BRDA:47,9,1,86
BRDA:52,10,0,0
BRDA:52,10,1,0
BRDA:53,11,0,0
BRDA:53,11,1,0
BRDA:57,12,0,0
BRDA:57,12,1,0
BRDA:58,13,0,0
BRDA:58,13,1,0
BRF:29
BRH:6
end_of_record
TN:
SF:src\middleware\ownershipCheck.js
FN:9,(anonymous_0)
FN:10,(anonymous_1)
FNF:2
FNH:2
FNDA:90,(anonymous_0)
FNDA:9,(anonymous_1)
DA:2,15
DA:3,15
DA:9,15
DA:10,90
DA:11,9
DA:12,0
DA:15,9
DA:16,9
DA:19,9
DA:20,1
DA:23,8
DA:24,8
DA:26,8
DA:29,2
DA:32,2
DA:33,2
DA:37,6
DA:41,6
DA:42,6
DA:46,0
DA:50,0
DA:51,0
DA:55,0
DA:63,0
DA:64,0
DA:68,0
DA:71,8
DA:72,6
DA:74,2
DA:77,0
DA:82,15
LF:31
LH:22
BRDA:11,0,0,0
BRDA:11,0,1,9
BRDA:19,1,0,1
BRDA:19,1,1,8
BRDA:26,2,0,2
BRDA:26,2,1,6
BRDA:26,2,2,0
BRDA:26,2,3,0
BRDA:26,2,4,0
BRDA:32,3,0,2
BRDA:32,3,1,2
BRDA:41,4,0,6
BRDA:41,4,1,6
BRDA:50,5,0,0
BRDA:50,5,1,0
BRDA:63,6,0,0
BRDA:63,6,1,0
BRDA:71,7,0,6
BRDA:71,7,1,2
BRF:19
BRH:11
end_of_record
TN:
SF:src\middleware\roleCheck.js
FN:8,(anonymous_0)
FN:9,(anonymous_1)
FNF:2
FNH:2
FNDA:345,(anonymous_0)
FNDA:57,(anonymous_1)
DA:2,15
DA:8,15
DA:9,345
DA:10,57
DA:11,0
DA:14,57
DA:16,57
DA:17,41
DA:19,16
DA:24,15
LF:10
LH:9
BRDA:10,0,0,0
BRDA:10,0,1,57
BRDA:14,1,0,57
BRDA:14,1,1,0
BRDA:16,2,0,41
BRDA:16,2,1,16
BRF:6
BRH:4
end_of_record
TN:
SF:src\middleware\validate.js
FN:5,(anonymous_0)
FN:5,(anonymous_1)
FN:23,(anonymous_2)
FNF:3
FNH:3
FNDA:1155,(anonymous_0)
FNDA:160,(anonymous_1)
FNDA:17,(anonymous_2)
DA:2,15
DA:3,15
DA:5,1155
DA:6,160
DA:7,160
DA:8,0
DA:9,0
DA:12,160
DA:17,146
DA:19,14
DA:22,14
DA:23,17
DA:28,14
DA:32,0
DA:36,15
LF:15
LH:12
BRDA:7,0,0,0
BRDA:7,0,1,160
BRDA:7,1,0,160
BRDA:7,1,1,160
BRDA:22,2,0,14
BRDA:22,2,1,0
BRF:6
BRH:4
end_of_record
TN:
SF:src\routes\actual.routes.js
FNF:0
FNH:0
DA:2,15
DA:3,15
DA:4,15
DA:5,15
DA:6,15
DA:8,15
DA:10,15
DA:15,15
DA:21,15
DA:26,15
DA:32,15
DA:38,15
DA:44,15
DA:50,15
DA:56,15
LF:15
LH:15
BRF:0
BRH:0
end_of_record
TN:
SF:src\routes\ai.routes.js
FNF:0
FNH:0
DA:2,15
DA:3,15
DA:4,15
DA:5,15
DA:6,15
DA:9,15
DA:12,15
DA:19,15
DA:26,15
DA:33,15
DA:39,15
LF:11
LH:11
BRF:0
BRH:0
end_of_record
TN:
SF:src\routes\auth.routes.js
FN:67,(anonymous_0)
FNF:1
FNH:0
FNDA:0,(anonymous_0)
DA:2,15
DA:3,15
DA:4,15
DA:5,15
DA:6,15
DA:7,15
DA:9,15
DA:12,15
DA:18,15
DA:25,15
DA:27,15
DA:37,15
DA:39,15
DA:49,15
DA:56,15
DA:67,15
DA:68,0
DA:74,15
LF:18
LH:17
BRF:0
BRH:0
end_of_record
TN:
SF:src\routes\booking.routes.js
FNF:0
FNH:0
DA:2,15
DA:3,15
DA:4,15
DA:5,15
DA:6,15
DA:7,15
DA:9,15
DA:12,15
DA:14,15
DA:19,15
DA:24,15
DA:29,15
DA:35,15
DA:41,15
DA:47,15
DA:53,15
LF:16
LH:16
BRF:0
BRH:0
end_of_record
TN:
SF:src\routes\class.routes.js
FNF:0
FNH:0
DA:2,15
DA:3,15
DA:4,15
DA:5,15
DA:6,15
DA:7,15
DA:8,15
DA:9,15
DA:10,15
DA:12,15
DA:15,15
DA:20,15
DA:27,15
DA:29,15
DA:36,15
DA:46,15
DA:55,15
DA:63,15
DA:70,15
DA:77,15
DA:84,15
LF:21
LH:21
BRF:0
BRH:0
end_of_record
TN:
SF:src\routes\competition.routes.js
FNF:0
FNH:0
DA:2,15
DA:3,15
DA:4,15
DA:5,15
DA:6,15
DA:7,15
DA:8,15
DA:9,15
DA:10,15
DA:12,15
DA:15,15
DA:20,15
DA:26,15
DA:32,15
DA:39,15
DA:42,15
DA:49,15
DA:56,15
DA:62,15
DA:68,15
DA:74,15
DA:79,15
DA:86,15
DA:95,15
DA:104,15
DA:112,15
DA:119,15
DA:126,15
DA:133,15
LF:29
LH:29
BRF:0
BRH:0
end_of_record
TN:
SF:src\routes\dietEntry.routes.js
FNF:0
FNH:0
DA:2,15
DA:3,15
DA:4,15
DA:5,15
DA:6,15
DA:7,15
DA:9,15
DA:11,15
DA:14,15
DA:21,15
DA:27,15
DA:33,15
DA:39,15
DA:45,15
DA:51,15
DA:57,15
LF:16
LH:16
BRF:0
BRH:0
end_of_record
TN:
SF:src\routes\exercises.routes.js
FNF:0
FNH:0
DA:2,15
DA:3,15
DA:4,15
DA:5,15
DA:6,15
DA:7,15
DA:8,15
DA:10,15
DA:13,15
DA:18,15
DA:25,15
DA:33,15
DA:41,15
DA:49,15
LF:14
LH:14
BRF:0
BRH:0
end_of_record
TN:
SF:src\routes\foodItem.routes.js
FNF:0
FNH:0
DA:2,15
DA:3,15
DA:4,15
DA:5,15
DA:6,15
DA:7,15
DA:8,15
DA:10,15
DA:12,15
DA:18,15
DA:24,15
DA:31,15
DA:32,15
DA:34,15
DA:40,15
DA:46,15
DA:52,15
LF:17
LH:17
BRF:0
BRH:0
end_of_record
TN:
SF:src\routes\gym.routes.js
FNF:0
FNH:0
DA:2,15
DA:3,15
DA:4,15
DA:5,15
DA:6,15
DA:7,15
DA:8,15
DA:9,15
DA:10,15
DA:14,15
DA:17,15
DA:19,15
DA:22,15
DA:24,15
DA:31,15
DA:34,15
DA:40,15
DA:46,15
DA:52,15
DA:58,15
DA:65,15
DA:74,15
DA:82,15
DA:91,15
DA:98,15
LF:25
LH:25
BRF:0
BRH:0
end_of_record
TN:
SF:src\routes\membership.routes.js
FNF:0
FNH:0
DA:2,15
DA:3,15
DA:4,15
DA:5,15
DA:6,15
DA:7,15
DA:9,15
DA:12,15
DA:14,15
DA:19,15
DA:25,15
DA:31,15
DA:37,15
DA:43,15
DA:49,15
LF:15
LH:15
BRF:0
BRH:0
end_of_record
TN:
SF:src\routes\membershipPlan.routes.js
FNF:0
FNH:0
DA:2,15
DA:3,15
DA:6,15
DA:9,15
DA:10,15
DA:11,15
DA:12,15
DA:16,15
DA:19,15
DA:26,15
DA:34,15
DA:42,15
DA:49,15
LF:13
LH:13
BRF:0
BRH:0
end_of_record
TN:
SF:src\routes\planned.routes.js
FNF:0
FNH:0
DA:2,15
DA:3,15
DA:4,15
DA:5,15
DA:6,15
DA:8,15
DA:10,15
DA:15,15
DA:21,15
DA:27,15
DA:33,15
DA:39,15
DA:45,15
LF:13
LH:13
BRF:0
BRH:0
end_of_record
TN:
SF:src\routes\statistics.routes.js
FNF:0
FNH:0
DA:2,15
DA:3,15
DA:4,15
DA:5,15
DA:6,15
DA:8,15
DA:10,15
DA:15,15
DA:21,15
LF:9
LH:9
BRF:0
BRH:0
end_of_record
TN:
SF:src\routes\uploads.routes.js
FN:10,(anonymous_0)
FN:11,(anonymous_1)
FNF:2
FNH:1
FNDA:60,(anonymous_0)
FNDA:0,(anonymous_1)
DA:2,15
DA:3,15
DA:4,15
DA:5,15
DA:7,15
DA:10,15
DA:11,60
DA:12,0
DA:13,0
DA:14,0
DA:17,0
DA:18,0
DA:20,0
DA:24,0
DA:29,0
DA:31,0
DA:37,15
DA:38,15
DA:39,15
DA:40,15
DA:42,15
LF:21
LH:12
BRF:0
BRH:0
end_of_record
TN:
SF:src\routes\users.routes.js
FNF:0
FNH:0
DA:2,15
DA:3,15
DA:4,15
DA:5,15
DA:6,15
DA:7,15
DA:8,15
DA:9,15
DA:11,15
DA:17,15
DA:19,15
DA:27,15
DA:34,15
DA:40,15
DA:46,15
DA:54,15
DA:60,15
DA:66,15
LF:18
LH:18
BRF:0
BRH:0
end_of_record
TN:
SF:src\services\actual.service.js
FN:6,(anonymous_0)
FN:31,(anonymous_1)
FN:97,(anonymous_2)
FN:127,(anonymous_3)
FN:142,(anonymous_4)
FN:143,(anonymous_5)
FN:212,(anonymous_6)
FN:241,(anonymous_7)
FN:273,(anonymous_8)
FN:275,(anonymous_9)
FN:330,(anonymous_10)
FN:360,(anonymous_11)
FN:408,(anonymous_12)
FN:425,(anonymous_13)
FN:426,(anonymous_14)
FN:443,(anonymous_15)
FN:454,(anonymous_16)
FN:503,(anonymous_17)
FN:543,(anonymous_18)
FN:560,(anonymous_19)
FN:599,(anonymous_20)
FNF:21
FNH:10
FNDA:1,(anonymous_0)
FNDA:2,(anonymous_1)
FNDA:1,(anonymous_2)
FNDA:0,(anonymous_3)
FNDA:0,(anonymous_4)
FNDA:0,(anonymous_5)
FNDA:0,(anonymous_6)
FNDA:0,(anonymous_7)
FNDA:2,(anonymous_8)
FNDA:3,(anonymous_9)
FNDA:3,(anonymous_10)
FNDA:2,(anonymous_11)
FNDA:0,(anonymous_12)
FNDA:0,(anonymous_13)
FNDA:0,(anonymous_14)
FNDA:0,(anonymous_15)
FNDA:1,(anonymous_16)
FNDA:2,(anonymous_17)
FNDA:0,(anonymous_18)
FNDA:0,(anonymous_19)
FNDA:1,(anonymous_20)
DA:2,15
DA:3,15
DA:5,15
DA:7,1
DA:28,1
DA:32,2
DA:35,2
DA:36,2
DA:37,1
DA:39,2
DA:40,1
DA:44,2
DA:48,2
DA:49,1
DA:53,2
DA:58,2
DA:90,2
DA:99,1
DA:127,1
DA:128,0
DA:136,0
DA:141,0
DA:142,0
DA:144,0
DA:148,0
DA:152,0
DA:156,0
DA:160,0
DA:177,0
DA:191,1
DA:195,1
DA:202,1
DA:207,1
DA:208,1
DA:209,1
DA:210,1
DA:212,1
DA:213,0
DA:214,0
DA:215,0
DA:218,0
DA:219,0
DA:220,0
DA:224,1
DA:228,1
DA:232,1
DA:242,0
DA:266,0
DA:267,0
DA:270,0
DA:275,3
DA:276,2
DA:284,2
DA:285,0
DA:289,2
DA:290,1
DA:297,1
DA:298,0
DA:302,1
DA:309,2
DA:310,2
DA:312,1
DA:313,1
DA:314,1
DA:315,1
DA:316,1
DA:317,1
DA:321,2
DA:330,3
DA:357,2
DA:362,2
DA:376,2
DA:377,1
DA:381,1
DA:387,1
DA:388,0
DA:392,1
DA:393,1
DA:395,0
DA:396,0
DA:397,0
DA:398,0
DA:399,0
DA:400,0
DA:406,1
DA:408,0
DA:411,0
DA:419,0
DA:420,0
DA:424,0
DA:425,0
DA:426,0
DA:428,0
DA:429,0
DA:438,0
DA:439,0
DA:443,0
DA:454,1
DA:466,1
DA:495,1
DA:500,1
DA:505,2
DA:515,2
DA:516,1
DA:520,1
DA:527,1
DA:528,0
DA:529,0
DA:530,0
DA:531,0
DA:532,0
DA:533,0
DA:534,0
DA:535,1
DA:536,0
DA:540,1
DA:541,1
DA:543,0
DA:544,0
DA:552,0
DA:553,0
DA:557,0
DA:560,0
DA:574,1
DA:596,1
DA:601,1
DA:608,1
DA:609,0
DA:613,1
DA:619,1
DA:625,15
LF:131
LH:75
BRDA:31,0,0,0
BRDA:31,1,0,0
BRDA:36,2,0,1
BRDA:36,2,1,1
BRDA:39,3,0,1
BRDA:39,3,1,1
BRDA:48,4,0,1
BRDA:48,4,1,1
BRDA:128,5,0,0
BRDA:128,5,1,0
BRDA:136,6,0,0
BRDA:136,6,1,0
BRDA:136,7,0,0
BRDA:136,7,1,0
BRDA:144,8,0,0
BRDA:144,8,1,0
BRDA:144,9,0,0
BRDA:144,9,1,0
BRDA:148,10,0,0
BRDA:148,10,1,0
BRDA:148,11,0,0
BRDA:148,11,1,0
BRDA:152,12,0,0
BRDA:152,12,1,0
BRDA:152,13,0,0
BRDA:152,13,1,0
BRDA:156,14,0,0
BRDA:156,14,1,0
BRDA:156,15,0,0
BRDA:156,15,1,0
BRDA:202,16,0,0
BRDA:202,16,1,1
BRDA:213,17,0,0
BRDA:213,17,1,0
BRDA:218,18,0,0
BRDA:218,18,1,0
BRDA:224,19,0,0
BRDA:224,19,1,1
BRDA:228,20,0,0
BRDA:228,20,1,1
BRDA:266,21,0,0
BRDA:266,21,1,0
BRDA:284,22,0,0
BRDA:284,22,1,2
BRDA:289,23,0,1
BRDA:289,23,1,1
BRDA:297,24,0,0
BRDA:297,24,1,1
BRDA:310,25,0,1
BRDA:310,25,1,1
BRDA:324,26,0,2
BRDA:324,26,1,1
BRDA:332,27,0,3
BRDA:332,27,1,3
BRDA:376,28,0,1
BRDA:376,28,1,1
BRDA:387,29,0,0
BRDA:387,29,1,1
BRDA:393,30,0,0
BRDA:393,30,1,1
BRDA:406,31,0,0
BRDA:406,31,1,1
BRDA:419,32,0,0
BRDA:419,32,1,0
BRDA:428,33,0,0
BRDA:428,33,1,0
BRDA:438,34,0,0
BRDA:438,34,1,0
BRDA:445,35,0,0
BRDA:445,35,1,0
BRDA:473,36,0,1
BRDA:473,36,1,0
BRDA:515,37,0,1
BRDA:515,37,1,1
BRDA:522,38,0,0
BRDA:522,38,1,1
BRDA:527,39,0,0
BRDA:527,39,1,1
BRDA:535,40,0,0
BRDA:535,40,1,1
BRDA:541,41,0,0
BRDA:541,41,1,1
BRDA:552,42,0,0
BRDA:552,42,1,0
BRDA:562,43,0,0
BRDA:562,43,1,0
BRDA:608,44,0,0
BRDA:608,44,1,1
BRDA:613,45,0,0
BRDA:613,45,1,1
BRF:90
BRH:33
end_of_record
TN:
SF:src\services\ai.service.js
FN:6,(anonymous_0)
FN:29,(anonymous_1)
FN:65,(anonymous_2)
FN:88,(anonymous_3)
FNF:4
FNH:4
FNDA:1,(anonymous_0)
FNDA:3,(anonymous_1)
FNDA:3,(anonymous_2)
FNDA:2,(anonymous_3)
DA:2,15
DA:3,15
DA:5,15
DA:7,1
DA:9,1
DA:26,1
DA:30,3
DA:31,3
DA:33,3
DA:34,1
DA:37,3
DA:38,3
DA:40,3
DA:54,3
DA:66,3
DA:78,3
DA:79,1
DA:81,2
DA:83,1
DA:85,1
DA:89,2
DA:93,2
DA:94,0
DA:96,2
DA:97,1
DA:100,1
DA:103,1
DA:107,15
LF:28
LH:27
BRDA:29,0,0,2
BRDA:29,1,0,2
BRDA:33,2,0,1
BRDA:33,2,1,2
BRDA:78,3,0,1
BRDA:78,3,1,2
BRDA:81,4,0,1
BRDA:81,4,1,1
BRDA:93,5,0,0
BRDA:93,5,1,2
BRDA:96,6,0,1
BRDA:96,6,1,1
BRF:12
BRH:11
end_of_record
TN:
SF:src\services\auth.service.js
FN:8,(anonymous_0)
FN:62,(anonymous_1)
FNF:2
FNH:2
FNDA:2,(anonymous_0)
FNDA:3,(anonymous_1)
DA:2,15
DA:3,15
DA:4,15
DA:5,15
DA:7,15
DA:10,2
DA:14,2
DA:15,1
DA:19,1
DA:22,1
DA:25,1
DA:40,1
DA:50,1
DA:64,3
DA:68,3
DA:69,1
DA:73,2
DA:75,2
DA:76,1
DA:80,1
DA:90,1
DA:103,15
LF:22
LH:22
BRDA:14,0,0,1
BRDA:14,0,1,1
BRDA:22,1,0,1
BRDA:22,1,1,1
BRDA:30,2,0,0
BRDA:30,2,1,1
BRDA:44,3,0,1
BRDA:44,3,1,0
BRDA:55,4,0,1
BRDA:55,4,1,0
BRDA:68,5,0,1
BRDA:68,5,1,2
BRDA:75,6,0,1
BRDA:75,6,1,1
BRDA:84,7,0,1
BRDA:84,7,1,0
BRDA:95,8,0,1
BRDA:95,8,1,0
BRF:18
BRH:13
end_of_record
TN:
SF:src\services\booking.service.js
FN:6,(anonymous_0)
FN:41,(anonymous_1)
FN:87,(anonymous_2)
FN:145,(anonymous_3)
FN:183,(anonymous_4)
FN:275,(anonymous_5)
FN:333,(anonymous_6)
FN:360,(anonymous_7)
FN:404,(anonymous_8)
FNF:9
FNH:9
FNDA:1,(anonymous_0)
FNDA:1,(anonymous_1)
FNDA:2,(anonymous_2)
FNDA:3,(anonymous_3)
FNDA:6,(anonymous_4)
FNDA:1,(anonymous_5)
FNDA:4,(anonymous_6)
FNDA:1,(anonymous_7)
FNDA:3,(anonymous_8)
DA:2,15
DA:3,15
DA:5,15
DA:7,1
DA:38,1
DA:42,1
DA:44,1
DA:84,1
DA:88,2
DA:89,2
DA:92,2
DA:104,2
DA:138,2
DA:146,3
DA:176,3
DA:177,2
DA:180,1
DA:184,6
DA:187,6
DA:203,6
DA:204,1
DA:208,5
DA:209,1
DA:213,4
DA:214,1
DA:218,3
DA:219,3
DA:221,3
DA:222,0
DA:226,3
DA:236,3
DA:237,1
DA:241,2
DA:258,2
DA:259,0
DA:263,2
DA:264,0
DA:268,2
DA:269,2
DA:270,1
DA:275,1
DA:277,1
DA:308,1
DA:318,1
DA:327,1
DA:330,1
DA:335,4
DA:345,4
DA:346,1
DA:350,3
DA:351,1
DA:355,2
DA:356,1
DA:360,1
DA:362,1
DA:371,1
DA:382,1
DA:387,1
DA:388,1
DA:390,1
DA:391,1
DA:408,3
DA:418,3
DA:419,0
DA:423,3
DA:424,1
DA:428,2
DA:429,2
DA:430,1
DA:434,1
DA:444,15
LF:71
LH:67
BRDA:87,0,0,0
BRDA:87,1,0,0
BRDA:176,2,0,2
BRDA:176,2,1,1
BRDA:203,3,0,1
BRDA:203,3,1,5
BRDA:208,4,0,1
BRDA:208,4,1,4
BRDA:213,5,0,1
BRDA:213,5,1,3
BRDA:218,6,0,3
BRDA:218,6,1,0
BRDA:221,7,0,0
BRDA:221,7,1,3
BRDA:221,8,0,3
BRDA:221,8,1,3
BRDA:236,9,0,1
BRDA:236,9,1,2
BRDA:258,10,0,0
BRDA:258,10,1,2
BRDA:263,11,0,0
BRDA:263,11,1,2
BRDA:263,12,0,2
BRDA:263,12,1,0
BRDA:268,13,0,2
BRDA:268,13,1,0
BRDA:269,14,0,1
BRDA:269,14,1,1
BRDA:345,15,0,1
BRDA:345,15,1,3
BRDA:350,16,0,1
BRDA:350,16,1,2
BRDA:355,17,0,1
BRDA:355,17,1,1
BRDA:387,18,0,1
BRDA:387,18,1,0
BRDA:387,19,0,1
BRDA:387,19,1,1
BRDA:390,20,0,1
BRDA:390,20,1,0
BRDA:418,21,0,0
BRDA:418,21,1,3
BRDA:423,22,0,1
BRDA:423,22,1,2
BRDA:429,23,0,1
BRDA:429,23,1,1
BRF:46
BRH:35
end_of_record
TN:
SF:src\services\class.service.js
FN:6,(anonymous_0)
FN:77,(anonymous_1)
FN:115,(anonymous_2)
FN:178,(anonymous_3)
FNF:4
FNH:4
FNDA:5,(anonymous_0)
FNDA:2,(anonymous_1)
FNDA:2,(anonymous_2)
FNDA:1,(anonymous_3)
DA:2,15
DA:3,15
DA:5,15
DA:7,5
DA:10,5
DA:14,5
DA:15,1
DA:18,5
DA:19,1
DA:22,5
DA:23,1
DA:30,5
DA:35,5
DA:70,5
DA:78,2
DA:104,2
DA:105,1
DA:108,1
DA:109,0
DA:112,1
DA:117,2
DA:122,2
DA:123,0
DA:126,2
DA:127,0
DA:131,2
DA:132,1
DA:133,1
DA:137,2
DA:138,1
DA:139,1
DA:143,2
DA:178,2
DA:179,1
DA:180,1
DA:181,1
DA:183,1
DA:191,2
DA:195,15
LF:39
LH:36
BRDA:6,0,0,0
BRDA:6,1,0,0
BRDA:14,2,0,1
BRDA:14,2,1,4
BRDA:18,3,0,1
BRDA:18,3,1,4
BRDA:22,4,0,1
BRDA:22,4,1,4
BRDA:104,5,0,1
BRDA:104,5,1,1
BRDA:108,6,0,0
BRDA:108,6,1,1
BRDA:122,7,0,0
BRDA:122,7,1,2
BRDA:126,8,0,0
BRDA:126,8,1,2
BRDA:131,9,0,1
BRDA:131,9,1,1
BRDA:137,10,0,1
BRDA:137,10,1,1
BRDA:179,11,0,1
BRDA:179,11,1,0
BRF:22
BRH:16
end_of_record
TN:
SF:src\services\competition.service.js
FN:8,(anonymous_0)
FN:63,(anonymous_1)
FN:75,(anonymous_2)
FN:83,(anonymous_3)
FN:115,(anonymous_4)
FN:127,(anonymous_5)
FN:169,(anonymous_6)
FN:236,(anonymous_7)
FN:256,(anonymous_8)
FN:280,(anonymous_9)
FN:311,(anonymous_10)
FN:339,(anonymous_11)
FN:375,(anonymous_12)
FN:388,(anonymous_13)
FN:405,(anonymous_14)
FN:421,(anonymous_15)
FN:481,(anonymous_16)
FN:494,(anonymous_17)
FN:516,(anonymous_18)
FN:584,(anonymous_19)
FN:605,(anonymous_20)
FN:636,(anonymous_21)
FN:659,(anonymous_22)
FN:725,(anonymous_23)
FN:773,(anonymous_24)
FN:819,(anonymous_25)
FNF:26
FNH:13
FNDA:5,(anonymous_0)
FNDA:0,(anonymous_1)
FNDA:0,(anonymous_2)
FNDA:0,(anonymous_3)
FNDA:0,(anonymous_4)
FNDA:0,(anonymous_5)
FNDA:3,(anonymous_6)
FNDA:2,(anonymous_7)
FNDA:0,(anonymous_8)
FNDA:0,(anonymous_9)
FNDA:1,(anonymous_10)
FNDA:1,(anonymous_11)
FNDA:0,(anonymous_12)
FNDA:0,(anonymous_13)
FNDA:0,(anonymous_14)
FNDA:4,(anonymous_15)
FNDA:0,(anonymous_16)
FNDA:2,(anonymous_17)
FNDA:2,(anonymous_18)
FNDA:2,(anonymous_19)
FNDA:2,(anonymous_20)
FNDA:2,(anonymous_21)
FNDA:2,(anonymous_22)
FNDA:2,(anonymous_23)
FNDA:0,(anonymous_24)
FNDA:0,(anonymous_25)
DA:2,15
DA:3,15
DA:5,15
DA:16,5
DA:29,5
DA:30,5
DA:33,5
DA:55,5
DA:67,0
DA:72,0
DA:73,0
DA:75,0
DA:78,0
DA:83,0
DA:85,0
DA:99,0
DA:100,0
DA:101,0
DA:111,0
DA:119,0
DA:124,0
DA:125,0
DA:127,0
DA:129,0
DA:145,0
DA:148,0
DA:150,0
DA:164,0
DA:170,3
DA:201,3
DA:202,1
DA:205,2
DA:206,2
DA:207,0
DA:229,2
DA:238,2
DA:242,2
DA:243,0
DA:246,2
DA:258,0
DA:262,0
DA:263,0
DA:267,0
DA:273,0
DA:282,0
DA:293,0
DA:294,0
DA:298,0
DA:299,0
DA:306,0
DA:312,1
DA:315,1
DA:316,0
DA:319,1
DA:333,1
DA:341,1
DA:345,1
DA:346,0
DA:350,1
DA:351,1
DA:355,1
DA:356,0
DA:361,1
DA:369,1
DA:373,1
DA:374,0
DA:375,0
DA:384,1
DA:390,0
DA:394,0
DA:395,0
DA:398,0
DA:407,0
DA:411,0
DA:412,0
DA:415,0
DA:423,4
DA:437,4
DA:438,1
DA:442,3
DA:444,0
DA:448,3
DA:455,3
DA:457,1
DA:458,0
DA:463,1
DA:467,2
DA:479,2
DA:480,0
DA:481,0
DA:490,2
DA:496,2
DA:504,2
DA:505,1
DA:509,1
DA:518,2
DA:523,2
DA:524,0
DA:528,2
DA:536,2
DA:537,0
DA:541,2
DA:542,0
DA:546,2
DA:555,2
DA:556,0
DA:560,2
DA:564,2
DA:578,2
DA:580,2
DA:586,2
DA:597,2
DA:598,0
DA:602,2
DA:603,2
DA:605,2
DA:606,2
DA:607,1
DA:608,1
DA:611,1
DA:612,1
DA:613,1
DA:618,2
DA:623,2
DA:632,2
DA:638,2
DA:650,2
DA:651,2
DA:661,2
DA:665,2
DA:666,0
DA:670,2
DA:677,2
DA:680,2
DA:708,2
DA:726,2
DA:732,2
DA:733,2
DA:736,2
DA:765,2
DA:775,0
DA:795,0
DA:796,0
DA:800,0
DA:817,0
DA:819,0
DA:827,15
LF:147
LH:85
BRDA:10,0,0,0
BRDA:11,1,0,4
BRDA:12,2,0,0
BRDA:13,3,0,0
BRDA:14,4,0,0
BRDA:17,5,0,5
BRDA:17,5,1,1
BRDA:18,6,0,5
BRDA:18,6,1,5
BRDA:19,7,0,5
BRDA:19,7,1,1
BRDA:25,8,0,5
BRDA:25,8,1,5
BRDA:65,9,0,0
BRDA:65,10,0,0
BRDA:65,11,0,0
BRDA:65,12,0,0
BRDA:72,13,0,0
BRDA:72,13,1,0
BRDA:87,14,0,0
BRDA:87,14,1,0
BRDA:88,15,0,0
BRDA:88,15,1,0
BRDA:89,16,0,0
BRDA:89,16,1,0
BRDA:96,17,0,0
BRDA:96,17,1,0
BRDA:117,18,0,0
BRDA:117,19,0,0
BRDA:117,20,0,0
BRDA:117,21,0,0
BRDA:124,22,0,0
BRDA:124,22,1,0
BRDA:134,23,0,0
BRDA:134,23,1,0
BRDA:135,24,0,0
BRDA:135,24,1,0
BRDA:141,25,0,0
BRDA:141,25,1,0
BRDA:169,26,0,1
BRDA:201,27,0,1
BRDA:201,27,1,2
BRDA:206,28,0,0
BRDA:206,28,1,2
BRDA:242,29,0,0
BRDA:242,29,1,2
BRDA:262,30,0,0
BRDA:262,30,1,0
BRDA:269,31,0,0
BRDA:269,31,1,0
BRDA:270,32,0,0
BRDA:270,32,1,0
BRDA:293,33,0,0
BRDA:293,33,1,0
BRDA:298,34,0,0
BRDA:298,34,1,0
BRDA:315,35,0,0
BRDA:315,35,1,1
BRDA:345,36,0,0
BRDA:345,36,1,1
BRDA:350,37,0,1
BRDA:350,37,1,0
BRDA:355,38,0,0
BRDA:355,38,1,1
BRDA:373,39,0,0
BRDA:373,39,1,1
BRDA:394,40,0,0
BRDA:394,40,1,0
BRDA:411,41,0,0
BRDA:411,41,1,0
BRDA:437,42,0,1
BRDA:437,42,1,3
BRDA:442,43,0,0
BRDA:442,43,1,3
BRDA:442,44,0,3
BRDA:442,44,1,3
BRDA:455,45,0,1
BRDA:455,45,1,2
BRDA:457,46,0,0
BRDA:457,46,1,1
BRDA:479,47,0,0
BRDA:479,47,1,2
BRDA:504,48,0,1
BRDA:504,48,1,1
BRDA:523,49,0,0
BRDA:523,49,1,2
BRDA:536,50,0,0
BRDA:536,50,1,2
BRDA:541,51,0,0
BRDA:541,51,1,2
BRDA:541,52,0,2
BRDA:541,52,1,2
BRDA:555,53,0,0
BRDA:555,53,1,2
BRDA:560,54,0,2
BRDA:560,54,1,2
BRDA:569,55,0,2
BRDA:569,55,1,1
BRDA:569,55,2,1
BRDA:597,56,0,0
BRDA:597,56,1,2
BRDA:606,57,0,1
BRDA:606,57,1,1
BRDA:612,58,0,1
BRDA:612,58,1,0
BRDA:612,59,0,1
BRDA:612,59,1,1
BRDA:618,60,0,2
BRDA:618,60,1,0
BRDA:659,61,0,0
BRDA:659,62,0,0
BRDA:665,63,0,0
BRDA:665,63,1,2
BRDA:725,64,0,0
BRDA:725,65,0,0
BRDA:725,66,0,0
BRDA:728,67,0,2
BRDA:728,67,1,1
BRDA:795,68,0,0
BRDA:795,68,1,0
BRDA:821,69,0,0
BRDA:821,69,1,0
BRF:122
BRH:51
end_of_record
TN:
SF:src\services\dietEntry.service.js
FN:7,(anonymous_0)
FN:42,(anonymous_1)
FN:70,(anonymous_2)
FN:92,(anonymous_3)
FN:120,(anonymous_4)
FN:172,(anonymous_5)
FN:193,(anonymous_6)
FN:219,(anonymous_7)
FN:236,(anonymous_8)
FNF:9
FNH:9
FNDA:4,(anonymous_0)
FNDA:1,(anonymous_1)
FNDA:3,(anonymous_2)
FNDA:2,(anonymous_3)
FNDA:2,(anonymous_4)
FNDA:2,(anonymous_5)
FNDA:2,(anonymous_6)
FNDA:2,(anonymous_7)
FNDA:2,(anonymous_8)
DA:2,15
DA:3,15
DA:5,15
DA:11,4
DA:18,4
DA:19,4
DA:21,4
DA:34,4
DA:46,1
DA:53,1
DA:64,1
DA:71,3
DA:78,3
DA:79,1
DA:82,2
DA:83,1
DA:89,1
DA:93,2
DA:97,2
DA:98,1
DA:102,1
DA:104,1
DA:121,2
DA:125,2
DA:126,0
DA:129,2
DA:130,1
DA:136,1
DA:137,1
DA:138,1
DA:140,1
DA:142,1
DA:146,1
DA:147,0
DA:149,1
DA:152,1
DA:163,1
DA:173,2
DA:177,2
DA:178,0
DA:181,2
DA:182,1
DA:188,1
DA:194,2
DA:197,2
DA:199,2
DA:215,2
DA:216,2
DA:217,2
DA:219,2
DA:220,2
DA:221,2
DA:222,2
DA:224,2
DA:226,2
DA:227,2
DA:228,2
DA:230,2
DA:232,2
DA:235,2
DA:236,2
DA:242,2
DA:244,2
DA:258,15
LF:64
LH:61
BRDA:9,0,0,0
BRDA:9,1,0,0
BRDA:13,2,0,4
BRDA:13,2,1,1
BRDA:14,3,0,4
BRDA:14,3,1,1
BRDA:15,4,0,4
BRDA:15,4,1,1
BRDA:48,5,0,1
BRDA:48,5,1,0
BRDA:49,6,0,1
BRDA:49,6,1,0
BRDA:50,7,0,1
BRDA:50,7,1,0
BRDA:78,8,0,1
BRDA:78,8,1,2
BRDA:82,9,0,1
BRDA:82,9,1,1
BRDA:97,10,0,1
BRDA:97,10,1,1
BRDA:111,11,0,1
BRDA:111,11,1,0
BRDA:125,12,0,0
BRDA:125,12,1,2
BRDA:129,13,0,1
BRDA:129,13,1,1
BRDA:137,14,0,1
BRDA:137,14,1,0
BRDA:137,15,0,1
BRDA:137,15,1,1
BRDA:138,16,0,1
BRDA:138,16,1,1
BRDA:140,17,0,1
BRDA:140,17,1,0
BRDA:146,18,0,0
BRDA:146,18,1,1
BRDA:153,19,0,1
BRDA:153,19,1,0
BRDA:154,20,0,1
BRDA:154,20,1,1
BRDA:156,21,0,1
BRDA:156,21,1,0
BRDA:159,22,0,1
BRDA:159,22,1,1
BRDA:160,23,0,1
BRDA:160,23,1,1
BRDA:177,24,0,0
BRDA:177,24,1,2
BRDA:181,25,0,1
BRDA:181,25,1,1
BRDA:194,26,0,1
BRDA:194,26,1,1
BRDA:197,27,0,1
BRDA:197,27,1,1
BRDA:221,28,0,2
BRDA:221,28,1,0
BRDA:226,29,0,2
BRDA:226,29,1,0
BRDA:227,30,0,2
BRDA:227,30,1,0
BRDA:242,31,0,1
BRDA:242,31,1,1
BRF:62
BRH:46
end_of_record
TN:
SF:src\services\exercises.service.js
FN:6,(anonymous_0)
FN:30,(anonymous_1)
FN:42,(anonymous_2)
FN:69,(anonymous_3)
FN:113,(anonymous_4)
FNF:5
FNH:5
FNDA:3,(anonymous_0)
FNDA:2,(anonymous_1)
FNDA:2,(anonymous_2)
FNDA:1,(anonymous_3)
FNDA:1,(anonymous_4)
DA:2,15
DA:3,15
DA:5,15
DA:7,3
DA:9,3
DA:10,1
DA:13,3
DA:14,1
DA:20,3
DA:27,3
DA:31,2
DA:35,2
DA:36,1
DA:39,1
DA:44,2
DA:53,2
DA:54,1
DA:57,1
DA:66,1
DA:71,1
DA:75,1
DA:76,0
DA:80,1
DA:81,0
DA:93,0
DA:94,0
DA:99,1
DA:100,1
DA:101,1
DA:102,1
DA:103,1
DA:105,1
DA:110,1
DA:115,1
DA:119,1
DA:120,0
DA:124,1
DA:128,1
DA:129,0
DA:132,1
DA:136,1
DA:137,0
DA:140,1
DA:146,15
LF:44
LH:37
BRDA:9,0,0,1
BRDA:9,0,1,2
BRDA:13,1,0,1
BRDA:13,1,1,2
BRDA:35,2,0,1
BRDA:35,2,1,1
BRDA:53,3,0,1
BRDA:53,3,1,1
BRDA:75,4,0,0
BRDA:75,4,1,1
BRDA:80,5,0,0
BRDA:80,5,1,1
BRDA:80,6,0,1
BRDA:80,6,1,0
BRDA:93,7,0,0
BRDA:93,7,1,0
BRDA:100,8,0,0
BRDA:100,8,1,1
BRDA:101,9,0,0
BRDA:101,9,1,1
BRDA:102,10,0,1
BRDA:102,10,1,0
BRDA:103,11,0,1
BRDA:103,11,1,0
BRDA:119,12,0,0
BRDA:119,12,1,1
BRDA:128,13,0,0
BRDA:128,13,1,1
BRDA:136,14,0,0
BRDA:136,14,1,1
BRF:30
BRH:18
end_of_record
TN:
SF:src\services\foodItem.service.js
FN:7,(anonymous_0)
FN:28,(anonymous_1)
FN:58,(anonymous_2)
FN:71,(anonymous_3)
FN:93,(anonymous_4)
FN:121,(anonymous_5)
FNF:6
FNH:6
FNDA:1,(anonymous_0)
FNDA:3,(anonymous_1)
FNDA:2,(anonymous_2)
FNDA:2,(anonymous_3)
FNDA:1,(anonymous_4)
FNDA:2,(anonymous_5)
DA:2,15
DA:3,15
DA:5,15
DA:8,1
DA:18,1
DA:23,1
DA:29,3
DA:39,3
DA:40,3
DA:43,3
DA:50,3
DA:59,2
DA:63,2
DA:64,1
DA:67,1
DA:73,2
DA:77,2
DA:78,1
DA:81,1
DA:95,1
DA:99,1
DA:100,0
DA:104,1
DA:105,0
DA:109,0
DA:110,0
DA:114,1
DA:123,2
DA:127,2
DA:128,0
DA:132,2
DA:136,2
DA:137,1
DA:140,1
DA:146,15
LF:35
LH:30
BRDA:7,0,0,1
BRDA:8,1,0,0
BRDA:8,1,1,1
BRDA:28,2,0,2
BRDA:28,3,0,0
BRDA:28,4,0,0
BRDA:29,5,0,1
BRDA:29,5,1,2
BRDA:63,6,0,1
BRDA:63,6,1,1
BRDA:77,7,0,1
BRDA:77,7,1,1
BRDA:99,8,0,0
BRDA:99,8,1,1
BRDA:104,9,0,0
BRDA:104,9,1,1
BRDA:104,10,0,1
BRDA:104,10,1,0
BRDA:109,11,0,0
BRDA:109,11,1,0
BRDA:127,12,0,0
BRDA:127,12,1,2
BRDA:136,13,0,1
BRDA:136,13,1,1
BRF:24
BRH:15
end_of_record
TN:
SF:src\services\gym.service.js
FN:26,(anonymous_0)
FN:58,(anonymous_1)
FN:68,(anonymous_2)
FN:100,(anonymous_3)
FN:123,(anonymous_4)
FN:160,(anonymous_5)
FN:181,(anonymous_6)
FNF:7
FNH:3
FNDA:3,(anonymous_0)
FNDA:0,(anonymous_1)
FNDA:0,(anonymous_2)
FNDA:2,(anonymous_3)
FNDA:0,(anonymous_4)
FNDA:0,(anonymous_5)
FNDA:1,(anonymous_6)
DA:2,15
DA:3,15
DA:6,15
DA:23,15
DA:27,3
DA:28,3
DA:30,3
DA:31,1
DA:37,3
DA:41,3
DA:51,3
DA:59,0
DA:65,0
DA:69,0
DA:70,0
DA:72,0
DA:73,0
DA:79,0
DA:83,0
DA:93,0
DA:101,2
DA:117,2
DA:118,1
DA:120,1
DA:124,0
DA:128,0
DA:129,0
DA:131,0
DA:157,0
DA:161,0
DA:165,0
DA:166,0
DA:168,0
DA:177,0
DA:182,1
DA:183,1
DA:187,15
LF:37
LH:18
BRDA:26,0,0,0
BRDA:26,1,0,0
BRDA:30,2,0,1
BRDA:30,2,1,2
BRDA:68,3,0,0
BRDA:68,4,0,0
BRDA:72,5,0,0
BRDA:72,5,1,0
BRDA:117,6,0,1
BRDA:117,6,1,1
BRDA:128,7,0,0
BRDA:128,7,1,0
BRDA:165,8,0,0
BRDA:165,8,1,0
BRF:14
BRH:4
end_of_record
TN:
SF:src\services\membership.service.js
FN:6,(anonymous_0)
FN:28,(anonymous_1)
FN:77,(anonymous_2)
FN:115,(anonymous_3)
FN:157,(anonymous_4)
FN:195,(anonymous_5)
FN:226,(anonymous_6)
FN:253,(anonymous_7)
FN:274,(anonymous_8)
FNF:9
FNH:7
FNDA:1,(anonymous_0)
FNDA:3,(anonymous_1)
FNDA:3,(anonymous_2)
FNDA:1,(anonymous_3)
FNDA:2,(anonymous_4)
FNDA:2,(anonymous_5)
FNDA:2,(anonymous_6)
FNDA:0,(anonymous_7)
FNDA:0,(anonymous_8)
DA:2,15
DA:3,15
DA:5,15
DA:7,1
DA:25,1
DA:29,3
DA:70,3
DA:71,2
DA:74,1
DA:78,3
DA:81,3
DA:89,3
DA:90,1
DA:94,2
DA:105,2
DA:106,1
DA:110,1
DA:111,1
DA:112,1
DA:115,1
DA:117,1
DA:139,1
DA:150,1
DA:154,1
DA:159,2
DA:166,2
DA:167,0
DA:171,2
DA:172,1
DA:176,1
DA:192,1
DA:197,2
DA:204,2
DA:205,0
DA:209,2
DA:210,1
DA:214,1
DA:228,2
DA:236,2
DA:237,1
DA:241,1
DA:248,1
DA:254,0
DA:255,0
DA:256,0
DA:259,0
DA:269,0
DA:270,0
DA:271,0
DA:273,0
DA:275,0
DA:286,0
DA:290,15
LF:53
LH:41
BRDA:70,0,0,2
BRDA:70,0,1,1
BRDA:89,1,0,1
BRDA:89,1,1,2
BRDA:105,2,0,1
BRDA:105,2,1,1
BRDA:166,3,0,0
BRDA:166,3,1,2
BRDA:171,4,0,1
BRDA:171,4,1,1
BRDA:204,5,0,0
BRDA:204,5,1,2
BRDA:209,6,0,1
BRDA:209,6,1,1
BRDA:236,7,0,1
BRDA:236,7,1,1
BRF:16
BRH:14
end_of_record
TN:
SF:src\services\membershipPlan.service.js
FN:6,(anonymous_0)
FN:55,(anonymous_1)
FN:69,(anonymous_2)
FN:80,(anonymous_3)
FN:122,(anonymous_4)
FNF:5
FNH:4
FNDA:5,(anonymous_0)
FNDA:2,(anonymous_1)
FNDA:0,(anonymous_2)
FNDA:4,(anonymous_3)
FNDA:2,(anonymous_4)
DA:2,15
DA:3,15
DA:5,15
DA:7,5
DA:11,5
DA:12,1
DA:16,4
DA:17,1
DA:24,3
DA:31,3
DA:32,1
DA:36,2
DA:52,2
DA:56,2
DA:62,2
DA:63,1
DA:65,1
DA:70,0
DA:71,0
DA:72,0
DA:74,0
DA:81,4
DA:86,4
DA:87,0
DA:90,4
DA:91,1
DA:98,3
DA:99,2
DA:106,2
DA:107,1
DA:112,2
DA:119,2
DA:123,2
DA:133,2
DA:134,0
DA:137,2
DA:138,0
DA:145,2
DA:146,1
DA:154,1
DA:157,1
DA:161,15
LF:42
LH:35
BRDA:11,0,0,1
BRDA:11,0,1,4
BRDA:16,1,0,1
BRDA:16,1,1,3
BRDA:16,2,0,4
BRDA:16,2,1,3
BRDA:31,3,0,1
BRDA:31,3,1,2
BRDA:62,4,0,1
BRDA:62,4,1,1
BRDA:71,5,0,0
BRDA:71,5,1,0
BRDA:86,6,0,0
BRDA:86,6,1,4
BRDA:90,7,0,1
BRDA:90,7,1,3
BRDA:90,8,0,4
BRDA:90,8,1,3
BRDA:98,9,0,2
BRDA:98,9,1,1
BRDA:98,10,0,3
BRDA:98,10,1,2
BRDA:106,11,0,1
BRDA:106,11,1,1
BRDA:133,12,0,0
BRDA:133,12,1,2
BRDA:137,13,0,0
BRDA:137,13,1,2
BRDA:137,14,0,2
BRDA:137,14,1,2
BRDA:145,15,0,1
BRDA:145,15,1,1
BRF:32
BRH:27
end_of_record
TN:
SF:src\services\notifications.service.js
FN:26,(anonymous_0)
FN:28,(anonymous_1)
FN:37,(anonymous_2)
FN:46,(anonymous_3)
FN:53,(anonymous_4)
FN:89,(anonymous_5)
FN:99,(anonymous_6)
FN:128,(anonymous_7)
FN:179,(anonymous_8)
FNF:9
FNH:1
FNDA:0,(anonymous_0)
FNDA:0,(anonymous_1)
FNDA:1,(anonymous_2)
FNDA:0,(anonymous_3)
FNDA:0,(anonymous_4)
FNDA:0,(anonymous_5)
FNDA:0,(anonymous_6)
FNDA:0,(anonymous_7)
FNDA:0,(anonymous_8)
DA:2,15
DA:3,15
DA:4,15
DA:8,15
DA:9,0
DA:21,15
DA:24,15
DA:28,0
DA:29,0
DA:30,0
DA:33,0
DA:41,1
DA:42,1
DA:48,0
DA:49,0
DA:54,0
DA:55,0
DA:56,0
DA:59,0
DA:60,0
DA:63,0
DA:86,0
DA:89,0
DA:90,0
DA:92,0
DA:93,0
DA:94,0
DA:98,0
DA:100,0
DA:102,0
DA:103,0
DA:104,0
DA:105,0
DA:108,0
DA:109,0
DA:112,0
DA:117,0
DA:118,0
DA:129,0
DA:131,0
DA:132,0
DA:133,0
DA:134,0
DA:137,0
DA:138,0
DA:141,0
DA:150,0
DA:151,0
DA:159,0
DA:160,0
DA:164,0
DA:169,0
DA:170,0
DA:172,0
DA:173,0
DA:178,0
DA:179,0
DA:181,0
DA:182,0
DA:188,15
DA:189,0
DA:192,15
LF:62
LH:10
BRDA:8,0,0,0
BRDA:8,0,1,15
BRDA:92,1,0,0
BRDA:92,1,1,0
BRDA:102,2,0,0
BRDA:102,2,1,0
BRDA:102,3,0,0
BRDA:102,3,1,0
BRDA:104,4,0,0
BRDA:104,4,1,0
BRDA:108,5,0,0
BRDA:108,5,1,0
BRDA:120,6,0,0
BRDA:120,6,1,0
BRDA:124,7,0,0
BRDA:124,7,1,0
BRDA:131,8,0,0
BRDA:131,8,1,0
BRDA:131,9,0,0
BRDA:131,9,1,0
BRDA:133,10,0,0
BRDA:133,10,1,0
BRDA:137,11,0,0
BRDA:137,11,1,0
BRDA:150,12,0,0
BRDA:150,12,1,0
BRDA:150,13,0,0
BRDA:150,13,1,0
BRDA:188,14,0,0
BRDA:188,14,1,15
BRDA:188,15,0,15
BRDA:188,15,1,15
BRF:32
BRH:4
end_of_record
TN:
SF:src\services\planned.service.js
FN:7,(anonymous_0)
FN:32,(anonymous_1)
FN:60,(anonymous_2)
FN:91,(anonymous_3)
FN:93,(anonymous_4)
FN:114,(anonymous_5)
FN:139,(anonymous_6)
FN:174,(anonymous_7)
FN:191,(anonymous_8)
FN:227,(anonymous_9)
FNF:10
FNH:8
FNDA:1,(anonymous_0)
FNDA:2,(anonymous_1)
FNDA:3,(anonymous_2)
FNDA:2,(anonymous_3)
FNDA:3,(anonymous_4)
FNDA:2,(anonymous_5)
FNDA:2,(anonymous_6)
FNDA:0,(anonymous_7)
FNDA:0,(anonymous_8)
FNDA:1,(anonymous_9)
DA:2,15
DA:3,15
DA:4,15
DA:6,15
DA:8,1
DA:29,1
DA:33,2
DA:34,2
DA:35,2
DA:37,2
DA:57,2
DA:61,3
DA:84,3
DA:85,2
DA:88,1
DA:93,3
DA:94,2
DA:102,2
DA:103,1
DA:107,1
DA:114,2
DA:134,1
DA:136,1
DA:141,2
DA:152,2
DA:153,0
DA:157,2
DA:158,1
DA:162,1
DA:171,1
DA:172,1
DA:174,0
DA:175,0
DA:183,0
DA:184,0
DA:188,0
DA:191,0
DA:204,1
DA:220,1
DA:221,0
DA:224,1
DA:229,1
DA:239,1
DA:240,0
DA:244,1
DA:245,1
DA:249,0
DA:254,0
DA:258,15
LF:49
LH:38
BRDA:32,0,0,0
BRDA:84,1,0,2
BRDA:84,1,1,1
BRDA:102,2,0,1
BRDA:102,2,1,1
BRDA:152,3,0,0
BRDA:152,3,1,2
BRDA:157,4,0,1
BRDA:157,4,1,1
BRDA:164,5,0,0
BRDA:164,5,1,1
BRDA:167,6,0,0
BRDA:167,6,1,1
BRDA:172,7,0,0
BRDA:172,7,1,1
BRDA:183,8,0,0
BRDA:183,8,1,0
BRDA:220,9,0,0
BRDA:220,9,1,1
BRDA:239,10,0,0
BRDA:239,10,1,1
BRDA:244,11,0,1
BRDA:244,11,1,0
BRF:23
BRH:13
end_of_record
TN:
SF:src\services\statistics.service.js
FN:7,(anonymous_0)
FN:108,(anonymous_1)
FN:149,(anonymous_2)
FN:182,(anonymous_3)
FN:198,calculateVolume
FN:204,calculateWeeklyStreaks
FN:212,(anonymous_6)
FN:264,(anonymous_7)
FN:314,getWeekNumber
FN:323,parseWeekKey
FN:330,getWeeksDifference
FN:337,getBestExerciseRecords
FN:360,(anonymous_12)
FN:397,getMonthlyVolumeData
FN:435,(anonymous_14)
FN:450,getTopExercises
FN:465,(anonymous_16)
FN:468,(anonymous_17)
FN:484,(anonymous_18)
FN:485,(anonymous_19)
FN:486,(anonymous_20)
FNF:21
FNH:20
FNDA:1,(anonymous_0)
FNDA:1,(anonymous_1)
FNDA:2,(anonymous_2)
FNDA:1,(anonymous_3)
FNDA:2,calculateVolume
FNDA:1,calculateWeeklyStreaks
FNDA:1,(anonymous_6)
FNDA:1,(anonymous_7)
FNDA:3,getWeekNumber
FNDA:1,parseWeekKey
FNDA:1,getWeeksDifference
FNDA:1,getBestExerciseRecords
FNDA:1,(anonymous_12)
FNDA:5,getMonthlyVolumeData
FNDA:1,(anonymous_14)
FNDA:1,getTopExercises
FNDA:0,(anonymous_16)
FNDA:1,(anonymous_17)
FNDA:1,(anonymous_18)
FNDA:1,(anonymous_19)
FNDA:1,(anonymous_20)
DA:2,15
DA:3,15
DA:5,15
DA:9,1
DA:12,1
DA:17,1
DA:18,1
DA:19,1
DA:22,1
DA:33,1
DA:45,1
DA:50,1
DA:51,1
DA:54,1
DA:55,5
DA:56,5
DA:62,5
DA:63,60
DA:64,60
DA:67,60
DA:68,7
DA:73,7
DA:76,53
DA:86,53
DA:93,5
DA:96,1
DA:99,1
DA:102,1
DA:108,1
DA:111,1
DA:112,1
DA:113,1
DA:115,1
DA:116,1
DA:119,1
DA:120,1
DA:123,1
DA:126,1
DA:127,5
DA:128,5
DA:133,5
DA:136,1
DA:139,1
DA:142,1
DA:143,1
DA:145,1
DA:151,2
DA:155,2
DA:156,1
DA:160,1
DA:182,1
DA:190,1
DA:199,2
DA:200,2
DA:205,1
DA:206,0
DA:210,1
DA:212,1
DA:214,1
DA:215,1
DA:216,1
DA:218,1
DA:219,1
DA:224,1
DA:226,1
DA:227,0
DA:231,1
DA:234,1
DA:235,1
DA:236,1
DA:238,1
DA:239,0
DA:240,0
DA:244,0
DA:248,0
DA:250,0
DA:251,0
DA:254,0
DA:255,0
DA:258,0
DA:259,0
DA:264,1
DA:267,1
DA:268,1
DA:269,1
DA:270,1
DA:273,1
DA:274,1
DA:275,1
DA:277,1
DA:280,1
DA:282,0
DA:285,1
DA:286,1
DA:287,1
DA:290,1
DA:291,1
DA:294,1
DA:299,1
DA:301,1
DA:303,1
DA:306,0
DA:310,1
DA:315,3
DA:316,3
DA:317,3
DA:318,3
DA:319,3
DA:324,1
DA:325,1
DA:326,1
DA:331,1
DA:332,1
DA:333,1
DA:339,1
DA:356,1
DA:357,1
DA:358,1
DA:360,1
DA:362,1
DA:365,1
DA:366,0
DA:373,1
DA:374,1
DA:381,1
DA:382,1
DA:389,1
DA:398,5
DA:399,5
DA:401,5
DA:402,60
DA:403,60
DA:406,60
DA:407,7
DA:412,7
DA:416,53
DA:434,53
DA:435,53
DA:436,1
DA:439,53
DA:446,5
DA:452,1
DA:465,1
DA:468,1
DA:470,1
DA:471,0
DA:475,1
DA:484,1
DA:485,1
DA:486,1
DA:487,1
DA:496,15
LF:152
LH:136
BRDA:45,0,0,0
BRDA:45,0,1,1
BRDA:67,1,0,7
BRDA:67,1,1,53
BRDA:67,2,0,60
BRDA:67,2,1,12
BRDA:155,3,0,1
BRDA:155,3,1,1
BRDA:184,4,0,1
BRDA:184,4,1,0
BRDA:185,5,0,1
BRDA:185,5,1,0
BRDA:186,6,0,1
BRDA:186,6,1,0
BRDA:199,7,0,0
BRDA:199,7,1,2
BRDA:199,8,0,2
BRDA:199,8,1,2
BRDA:199,8,2,2
BRDA:205,9,0,0
BRDA:205,9,1,1
BRDA:218,10,0,1
BRDA:218,10,1,0
BRDA:226,11,0,0
BRDA:226,11,1,1
BRDA:244,12,0,0
BRDA:244,12,1,0
BRDA:244,12,2,0
BRDA:244,12,3,0
BRDA:244,12,4,0
BRDA:244,12,5,0
BRDA:244,12,6,0
BRDA:248,13,0,0
BRDA:248,13,1,0
BRDA:258,14,0,0
BRDA:258,14,1,0
BRDA:280,15,0,0
BRDA:280,15,1,1
BRDA:301,16,0,1
BRDA:301,16,1,0
BRDA:316,17,0,3
BRDA:316,17,1,0
BRDA:362,18,0,1
BRDA:362,18,1,0
BRDA:365,19,0,0
BRDA:365,19,1,1
BRDA:365,20,0,1
BRDA:365,20,1,0
BRDA:373,21,0,1
BRDA:373,21,1,0
BRDA:373,22,0,1
BRDA:373,22,1,1
BRDA:381,23,0,1
BRDA:381,23,1,0
BRDA:381,24,0,1
BRDA:381,24,1,1
BRDA:406,25,0,7
BRDA:406,25,1,53
BRDA:470,26,0,0
BRDA:470,26,1,1
BRF:60
BRH:32
end_of_record
TN:
SF:src\services\users.service.js
FN:8,(anonymous_0)
FN:31,(anonymous_1)
FN:82,(anonymous_2)
FN:120,(anonymous_3)
FN:172,(anonymous_4)
FN:193,(anonymous_5)
FN:228,(anonymous_6)
FN:240,(anonymous_7)
FN:241,(anonymous_8)
FNF:9
FNH:5
FNDA:1,(anonymous_0)
FNDA:3,(anonymous_1)
FNDA:1,(anonymous_2)
FNDA:3,(anonymous_3)
FNDA:1,(anonymous_4)
FNDA:0,(anonymous_5)
FNDA:0,(anonymous_6)
FNDA:0,(anonymous_7)
FNDA:0,(anonymous_8)
DA:2,15
DA:3,15
DA:4,15
DA:6,15
DA:9,1
DA:25,1
DA:26,0
DA:28,1
DA:32,3
DA:35,3
DA:36,0
DA:39,3
DA:40,3
DA:41,2
DA:45,2
DA:46,1
DA:48,1
DA:53,2
DA:79,2
DA:83,1
DA:87,1
DA:88,0
DA:91,1
DA:92,1
DA:93,0
DA:99,1
DA:102,1
DA:103,0
DA:106,1
DA:117,1
DA:121,3
DA:122,3
DA:123,3
DA:124,1
DA:126,3
DA:127,1
DA:133,3
DA:134,3
DA:160,3
DA:173,1
DA:174,1
DA:177,1
DA:180,1
DA:184,1
DA:194,0
DA:195,0
DA:196,0
DA:197,0
DA:199,0
DA:202,0
DA:216,0
DA:219,0
DA:220,0
DA:221,0
DA:222,0
DA:225,0
DA:228,0
DA:229,0
DA:230,0
DA:233,0
DA:234,0
DA:239,0
DA:240,0
DA:241,0
DA:244,0
DA:249,15
LF:66
LH:40
BRDA:25,0,0,0
BRDA:25,0,1,1
BRDA:35,1,0,0
BRDA:35,1,1,3
BRDA:40,2,0,2
BRDA:40,2,1,1
BRDA:40,3,0,3
BRDA:40,3,1,2
BRDA:45,4,0,1
BRDA:45,4,1,1
BRDA:57,5,0,0
BRDA:57,5,1,2
BRDA:87,6,0,0
BRDA:87,6,1,1
BRDA:92,7,0,0
BRDA:92,7,1,1
BRDA:102,8,0,0
BRDA:102,8,1,1
BRDA:120,9,0,0
BRDA:120,10,0,0
BRDA:120,11,0,0
BRDA:123,12,0,1
BRDA:123,12,1,2
BRDA:126,13,0,1
BRDA:126,13,1,2
BRDA:233,14,0,0
BRDA:233,14,1,0
BRDA:241,15,0,0
BRDA:241,15,1,0
BRF:29
BRH:16
end_of_record
TN:
SF:src\utils\ApiError.js
FN:3,(anonymous_0)
FNF:1
FNH:1
FNDA:100,(anonymous_0)
DA:4,100
DA:5,100
DA:6,100
DA:7,100
DA:8,100
DA:12,15
LF:6
LH:6
BRDA:3,0,0,86
BRF:1
BRH:1
end_of_record
TN:
SF:src\utils\asyncHandler.js
FN:2,(anonymous_0)
FN:2,(anonymous_1)
FNF:2
FNH:2
FNDA:1560,(anonymous_0)
FNDA:182,(anonymous_1)
DA:2,1560
DA:3,182
DA:6,15
LF:3
LH:3
BRF:0
BRH:0
end_of_record
TN:
SF:src\utils\oauthUtils.js
FN:4,(anonymous_0)
FNF:1
FNH:0
FNDA:0,(anonymous_0)
DA:2,0
DA:4,0
DA:5,0
DA:12,0
LF:4
LH:0
BRF:0
BRH:0
end_of_record
TN:
SF:src\validators\actual.validator.js
FN:12,(anonymous_0)
FN:20,(anonymous_1)
FN:23,(anonymous_2)
FN:26,(anonymous_3)
FN:29,(anonymous_4)
FN:38,(anonymous_5)
FN:62,(anonymous_6)
FN:67,(anonymous_7)
FN:89,(anonymous_8)
FN:95,(anonymous_9)
FN:119,(anonymous_10)
FNF:11
FNH:9
FNDA:0,(anonymous_0)
FNDA:1,(anonymous_1)
FNDA:1,(anonymous_2)
FNDA:1,(anonymous_3)
FNDA:1,(anonymous_4)
FNDA:2,(anonymous_5)
FNDA:2,(anonymous_6)
FNDA:2,(anonymous_7)
FNDA:2,(anonymous_8)
FNDA:0,(anonymous_9)
FNDA:1,(anonymous_10)
DA:7,15
DA:9,15
DA:12,0
DA:20,1
DA:23,1
DA:26,1
DA:29,1
DA:38,2
DA:62,2
DA:67,2
DA:89,2
DA:95,0
DA:119,1
DA:126,15
LF:14
LH:12
BRDA:20,0,0,1
BRDA:20,0,1,1
BRDA:23,1,0,1
BRDA:23,1,1,1
BRDA:26,2,0,1
BRDA:26,2,1,1
BRDA:29,3,0,1
BRDA:29,3,1,1
BRDA:95,4,0,0
BRDA:95,4,1,0
BRF:10
BRH:8
end_of_record
TN:
SF:src\validators\ai.validator.js
FN:22,(anonymous_0)
FN:33,(anonymous_1)
FN:37,(anonymous_2)
FNF:3
FNH:3
FNDA:5,(anonymous_0)
FNDA:3,(anonymous_1)
FNDA:3,(anonymous_2)
DA:2,15
DA:4,15
DA:22,5
DA:33,3
DA:37,3
DA:43,15
LF:6
LH:6
BRDA:33,0,0,1
BRDA:33,0,1,2
BRDA:37,1,0,1
BRDA:37,1,1,2
BRF:4
BRH:4
end_of_record
TN:
SF:src\validators\auth.validator.js
FN:15,(anonymous_0)
FNF:1
FNH:1
FNDA:4,(anonymous_0)
DA:7,15
DA:9,15
DA:15,4
DA:32,15
LF:4
LH:4
BRDA:15,0,0,4
BRDA:15,0,1,0
BRF:2
BRH:1
end_of_record
TN:
SF:src\validators\booking.validator.js
FN:7,(anonymous_0)
FN:22,(anonymous_1)
FN:33,(anonymous_2)
FNF:3
FNH:3
FNDA:3,(anonymous_0)
FNDA:4,(anonymous_1)
FNDA:3,(anonymous_2)
DA:2,15
DA:4,15
DA:7,3
DA:22,4
DA:33,3
DA:40,15
LF:6
LH:6
BRF:0
BRH:0
end_of_record
TN:
SF:src\validators\class.validator.js
FN:7,(anonymous_0)
FN:35,(anonymous_1)
FN:48,(anonymous_2)
FN:55,(anonymous_3)
FN:63,(anonymous_4)
FN:80,(anonymous_5)
FN:90,(anonymous_6)
FN:97,(anonymous_7)
FNF:8
FNH:5
FNDA:4,(anonymous_0)
FNDA:1,(anonymous_1)
FNDA:1,(anonymous_2)
FNDA:2,(anonymous_3)
FNDA:2,(anonymous_4)
FNDA:0,(anonymous_5)
FNDA:0,(anonymous_6)
FNDA:0,(anonymous_7)
DA:2,15
DA:4,15
DA:7,4
DA:35,1
DA:48,1
DA:55,2
DA:63,2
DA:80,0
DA:90,0
DA:97,0
DA:104,15
LF:11
LH:8
BRF:0
BRH:0
end_of_record
TN:
SF:src\validators\competition.validator.js
FN:24,(anonymous_0)
FN:33,(anonymous_1)
FN:51,(anonymous_2)
FN:60,(anonymous_3)
FN:83,(anonymous_4)
FN:99,(anonymous_5)
FN:108,(anonymous_6)
FN:124,(anonymous_7)
FN:129,(anonymous_8)
FN:130,(anonymous_9)
FN:136,(anonymous_10)
FN:148,(anonymous_11)
FN:150,(anonymous_12)
FN:151,(anonymous_13)
FN:152,(anonymous_14)
FNF:15
FNH:9
FNDA:4,(anonymous_0)
FNDA:0,(anonymous_1)
FNDA:2,(anonymous_2)
FNDA:1,(anonymous_3)
FNDA:0,(anonymous_4)
FNDA:6,(anonymous_5)
FNDA:2,(anonymous_6)
FNDA:2,(anonymous_7)
FNDA:2,(anonymous_8)
FNDA:2,(anonymous_9)
FNDA:1,(anonymous_10)
FNDA:0,(anonymous_11)
FNDA:0,(anonymous_12)
FNDA:0,(anonymous_13)
FNDA:0,(anonymous_14)
DA:2,15
DA:4,15
DA:24,4
DA:33,0
DA:51,2
DA:60,1
DA:83,0
DA:99,6
DA:108,2
DA:124,2
DA:129,2
DA:130,2
DA:136,1
DA:148,0
DA:150,0
DA:151,0
DA:152,0
DA:157,15
LF:18
LH:12
BRDA:129,0,0,1
BRDA:129,0,1,1
BRDA:130,1,0,1
BRDA:130,1,1,1
BRDA:148,2,0,0
BRDA:148,2,1,0
BRDA:148,3,0,0
BRDA:148,3,1,0
BRDA:150,4,0,0
BRDA:150,4,1,0
BRDA:151,5,0,0
BRDA:151,5,1,0
BRF:12
BRH:4
end_of_record
TN:
SF:src\validators\diet.validator.js
FN:48,(anonymous_0)
FN:56,(anonymous_1)
FN:70,(anonymous_2)
FN:74,(anonymous_3)
FN:98,(anonymous_4)
FN:118,(anonymous_5)
FN:131,(anonymous_6)
FN:139,(anonymous_7)
FN:151,(anonymous_8)
FN:157,(anonymous_9)
FN:165,(anonymous_10)
FN:169,(anonymous_11)
FN:180,(anonymous_12)
FN:186,(anonymous_13)
FN:200,(anonymous_14)
FN:206,(anonymous_15)
FNF:16
FNH:13
FNDA:1,(anonymous_0)
FNDA:4,(anonymous_1)
FNDA:3,(anonymous_2)
FNDA:3,(anonymous_3)
FNDA:3,(anonymous_4)
FNDA:0,(anonymous_5)
FNDA:2,(anonymous_6)
FNDA:5,(anonymous_7)
FNDA:1,(anonymous_8)
FNDA:1,(anonymous_9)
FNDA:4,(anonymous_10)
FNDA:4,(anonymous_11)
FNDA:0,(anonymous_12)
FNDA:0,(anonymous_13)
FNDA:1,(anonymous_14)
FNDA:1,(anonymous_15)
DA:2,15
DA:4,15
DA:48,1
DA:56,4
DA:70,3
DA:74,3
DA:98,3
DA:118,0
DA:131,2
DA:139,5
DA:151,1
DA:157,1
DA:165,4
DA:169,4
DA:180,0
DA:186,0
DA:200,1
DA:206,1
DA:216,15
LF:19
LH:16
BRDA:70,0,0,1
BRDA:70,0,1,2
BRDA:74,1,0,1
BRDA:74,1,1,2
BRDA:165,2,0,1
BRDA:165,2,1,3
BRDA:169,3,0,1
BRDA:169,3,1,3
BRF:8
BRH:8
end_of_record
TN:
SF:src\validators\exercises.validator.js
FN:12,(anonymous_0)
FN:29,(anonymous_1)
FN:43,(anonymous_2)
FNF:3
FNH:3
FNDA:3,(anonymous_0)
FNDA:1,(anonymous_1)
FNDA:1,(anonymous_2)
DA:7,15
DA:9,15
DA:12,3
DA:29,1
DA:43,1
DA:50,15
LF:6
LH:6
BRF:0
BRH:0
end_of_record
TN:
SF:src\validators\gym.validator.js
FN:7,(anonymous_0)
FN:27,(anonymous_1)
FN:37,(anonymous_2)
FN:44,(anonymous_3)
FNF:4
FNH:4
FNDA:2,(anonymous_0)
FNDA:2,(anonymous_1)
FNDA:2,(anonymous_2)
FNDA:1,(anonymous_3)
DA:2,15
DA:4,15
DA:7,2
DA:27,2
DA:37,2
DA:44,1
DA:51,15
LF:7
LH:7
BRF:0
BRH:0
end_of_record
TN:
SF:src\validators\membership.validator.js
FN:7,(anonymous_0)
FN:26,(anonymous_1)
FN:37,(anonymous_2)
FNF:3
FNH:3
FNDA:5,(anonymous_0)
FNDA:2,(anonymous_1)
FNDA:2,(anonymous_2)
DA:2,15
DA:4,15
DA:7,5
DA:26,2
DA:37,2
DA:44,15
LF:6
LH:6
BRF:0
BRH:0
end_of_record
TN:
SF:src\validators\membershipPlan.validator.js
FN:7,(anonymous_0)
FN:34,(anonymous_1)
FN:42,(anonymous_2)
FN:59,(anonymous_3)
FNF:4
FNH:4
FNDA:6,(anonymous_0)
FNDA:4,(anonymous_1)
FNDA:5,(anonymous_2)
FNDA:5,(anonymous_3)
DA:2,15
DA:4,15
DA:7,6
DA:34,4
DA:42,5
DA:59,5
DA:65,15
LF:7
LH:7
BRF:0
BRH:0
end_of_record
TN:
SF:src\validators\planned.validator.js
FN:12,(anonymous_0)
FN:32,(anonymous_1)
FN:51,(anonymous_2)
FN:57,(anonymous_3)
FN:77,(anonymous_4)
FNF:5
FNH:4
FNDA:3,(anonymous_0)
FNDA:3,(anonymous_1)
FNDA:2,(anonymous_2)
FNDA:0,(anonymous_3)
FNDA:1,(anonymous_4)
DA:7,15
DA:9,15
DA:12,3
DA:32,3
DA:51,2
DA:57,0
DA:77,1
DA:84,15
LF:8
LH:7
BRDA:57,0,0,0
BRDA:57,0,1,0
BRF:2
BRH:0
end_of_record
TN:
SF:src\validators\statistics.validator.js
FN:12,(anonymous_0)
FNF:1
FNH:1
FNDA:3,(anonymous_0)
DA:7,15
DA:9,15
DA:12,3
DA:19,15
LF:4
LH:4
BRF:0
BRH:0
end_of_record
TN:
SF:src\validators\users.validator.js
FN:14,(anonymous_0)
FN:22,(anonymous_1)
FN:32,(anonymous_2)
FNF:3
FNH:3
FNDA:3,(anonymous_0)
FNDA:3,(anonymous_1)
FNDA:2,(anonymous_2)
DA:7,15
DA:10,15
DA:14,3
DA:23,3
DA:32,2
DA:45,15
LF:6
LH:6
BRDA:14,0,0,3
BRDA:14,0,1,0
BRDA:23,1,0,3
BRDA:23,1,1,2
BRF:4
BRH:3
end_of_record
